2025-04-23 20:20:17 - train: epoch 181, iter:60, loss: 3.1436, lr: 0.0006579634122155985
2025-04-23 20:21:58 - train: epoch 181, iter:80, loss: 3.1490, lr: 0.0006579634122155985
2025-04-23 20:23:09 - val epoch: 181, loss: 0.1637
-> 整体准确率: 0.9928, 平均IoU: 0.8172, 平均Dice: 0.8844
-> 各类别指标:
类别cls0: Acc=0.9965, Dice=0.9981, IoU=0.9962
类别cls1: Acc=0.9962, Dice=0.9596, IoU=0.9223
类别cls2: Acc=0.993, Dice=0.6954, IoU=0.533
混淆矩阵:
[[35473092     5320   114450]
 [    1221  1703647    82903]
 [   12559    54134   301410]]
2025-04-23 20:23:15 - train: epoch 182, iter:0, loss: 3.0643, lr: 0.000687221653578915
2025-04-23 20:25:01 - train: epoch 182, iter:20, loss: 3.1435, lr: 0.000687221653578915
2025-04-23 20:26:48 - train: epoch 182, iter:40, loss: 3.1419, lr: 0.000687221653578915
2025-04-23 20:28:35 - train: epoch 182, iter:60, loss: 3.1474, lr: 0.000687221653578915
2025-04-23 20:30:20 - train: epoch 182, iter:80, loss: 3.1505, lr: 0.000687221653578915
2025-04-23 20:31:29 - val epoch: 182, loss: 0.1602
-> 整体准确率: 0.9931, 平均IoU: 0.8205, 平均Dice: 0.8872
-> 各类别指标:
类别cls0: Acc=0.9968, Dice=0.9983, IoU=0.9966
类别cls1: Acc=0.9961, Dice=0.9588, IoU=0.9209
类别cls2: Acc=0.9933, Dice=0.7046, IoU=0.5439
混淆矩阵:
[[35492576     5254    95032]
 [    1075  1695409    91287]
 [   18509    48063   301531]]
2025-04-23 20:31:34 - train: epoch 183, iter:0, loss: 3.1508, lr: 0.0007157607493247102
2025-04-23 20:33:19 - train: epoch 183, iter:20, loss: 3.1538, lr: 0.0007157607493247102
2025-04-23 20:35:05 - train: epoch 183, iter:40, loss: 3.1548, lr: 0.0007157607493247102
2025-04-23 20:36:50 - train: epoch 183, iter:60, loss: 3.1495, lr: 0.0007157607493247102
2025-04-23 20:38:34 - train: epoch 183, iter:80, loss: 3.1514, lr: 0.0007157607493247102
2025-04-23 20:39:40 - val epoch: 183, loss: 0.1562
-> 整体准确率: 0.9934, 平均IoU: 0.8253, 平均Dice: 0.8908
-> 各类别指标:
类别cls0: Acc=0.9968, Dice=0.9983, IoU=0.9966
类别cls1: Acc=0.9964, Dice=0.9617, IoU=0.9263
类别cls2: Acc=0.9936, Dice=0.7123, IoU=0.5531
混淆矩阵:
[[35489104     5655    98103]
 [    1154  1711191    75426]
 [   14569    53938   299596]]
2025-04-23 20:39:46 - train: epoch 184, iter:0, loss: 3.1200, lr: 0.0007434680686803483
2025-04-23 20:41:29 - train: epoch 184, iter:20, loss: 3.1528, lr: 0.0007434680686803483
2025-04-23 20:43:13 - train: epoch 184, iter:40, loss: 3.1531, lr: 0.0007434680686803483
2025-04-23 20:44:55 - train: epoch 184, iter:60, loss: 3.1504, lr: 0.0007434680686803483
2025-04-23 20:46:38 - train: epoch 184, iter:80, loss: 3.1513, lr: 0.0007434680686803483
2025-04-23 20:47:45 - val epoch: 184, loss: 0.1583
-> 整体准确率: 0.9934, 平均IoU: 0.8242, 平均Dice: 0.8902
-> 各类别指标:
类别cls0: Acc=0.9971, Dice=0.9984, IoU=0.9969
类别cls1: Acc=0.9962, Dice=0.9595, IoU=0.9221
类别cls2: Acc=0.9936, Dice=0.7126, IoU=0.5535
混淆矩阵:
[[35508137     4849    79876]
 [    1993  1695192    90586]
 [   24240    45788   298075]]
2025-04-23 20:47:50 - train: epoch 185, iter:0, loss: 3.2104, lr: 0.0007702342635146025
2025-04-23 20:49:34 - train: epoch 185, iter:20, loss: 3.1519, lr: 0.0007702342635146025
2025-04-23 20:51:17 - train: epoch 185, iter:40, loss: 3.1460, lr: 0.0007702342635146025
2025-04-23 20:53:01 - train: epoch 185, iter:60, loss: 3.1521, lr: 0.0007702342635146025
2025-04-23 20:54:44 - train: epoch 185, iter:80, loss: 3.1510, lr: 0.0007702342635146025
2025-04-23 20:55:51 - val epoch: 185, loss: 0.1677
-> 整体准确率: 0.9931, 平均IoU: 0.8157, 平均Dice: 0.8829
-> 各类别指标:
类别cls0: Acc=0.9966, Dice=0.9982, IoU=0.9964
类别cls1: Acc=0.9962, Dice=0.9604, IoU=0.9239
类别cls2: Acc=0.9933, Dice=0.6901, IoU=0.5268
混淆矩阵:
[[35482455     8315   102092]
 [     849  1725797    61125]
 [   16318    71889   279896]]
2025-04-23 20:55:56 - train: epoch 186, iter:0, loss: 3.1351, lr: 0.000795953699884774
2025-04-23 20:57:36 - train: epoch 186, iter:20, loss: 3.1525, lr: 0.000795953699884774
2025-04-23 20:59:16 - train: epoch 186, iter:40, loss: 3.1509, lr: 0.000795953699884774
2025-04-23 21:00:54 - train: epoch 186, iter:60, loss: 3.1504, lr: 0.000795953699884774
2025-04-23 21:02:32 - train: epoch 186, iter:80, loss: 3.1506, lr: 0.000795953699884774
2025-04-23 21:03:37 - val epoch: 186, loss: 0.1668
-> 整体准确率: 0.9928, 平均IoU: 0.8153, 平均Dice: 0.8828
-> 各类别指标:
类别cls0: Acc=0.9964, Dice=0.9981, IoU=0.9962
类别cls1: Acc=0.9962, Dice=0.9594, IoU=0.922
类别cls2: Acc=0.993, Dice=0.6909, IoU=0.5278
混淆矩阵:
[[35473614     7069   112179]
 [     771  1709447    77553]
 [   14417    59269   294417]]
2025-04-23 21:03:43 - train: epoch 187, iter:0, loss: 3.1254, lr: 0.000820524874925601
2025-04-23 21:05:22 - train: epoch 187, iter:20, loss: 3.1409, lr: 0.000820524874925601
2025-04-23 21:07:02 - train: epoch 187, iter:40, loss: 3.1494, lr: 0.000820524874925601
2025-04-23 21:08:44 - train: epoch 187, iter:60, loss: 3.1498, lr: 0.000820524874925601
2025-04-23 21:10:24 - train: epoch 187, iter:80, loss: 3.1527, lr: 0.000820524874925601
2025-04-23 21:11:28 - val epoch: 187, loss: 0.1755
-> 整体准确率: 0.9921, 平均IoU: 0.8060, 平均Dice: 0.8756
-> 各类别指标:
类别cls0: Acc=0.9961, Dice=0.9979, IoU=0.9958
类别cls1: Acc=0.9958, Dice=0.9551, IoU=0.9141
类别cls2: Acc=0.9922, Dice=0.6739, IoU=0.5082
混淆矩阵:
[[35459091     5310   128461]
 [    1005  1686185   100581]
 [   13060    51573   303470]]
2025-04-23 21:11:33 - train: epoch 188, iter:0, loss: 3.1331, lr: 0.0008438508174347011
2025-04-23 21:13:14 - train: epoch 188, iter:20, loss: 3.1450, lr: 0.0008438508174347011
2025-04-23 21:14:53 - train: epoch 188, iter:40, loss: 3.1494, lr: 0.0008438508174347011
2025-04-23 21:16:33 - train: epoch 188, iter:60, loss: 3.1484, lr: 0.0008438508174347011
2025-04-23 21:18:13 - train: epoch 188, iter:80, loss: 3.1525, lr: 0.0008438508174347011
2025-04-23 21:19:16 - val epoch: 188, loss: 0.1599
-> 整体准确率: 0.9931, 平均IoU: 0.8206, 平均Dice: 0.8875
-> 各类别指标:
类别cls0: Acc=0.9969, Dice=0.9983, IoU=0.9967
类别cls1: Acc=0.996, Dice=0.9576, IoU=0.9187
类别cls2: Acc=0.9932, Dice=0.7067, IoU=0.5464
混淆矩阵:
[[35495574     4455    92833]
 [    1555  1684843   101373]
 [   19054    41776   307273]]
2025-04-23 21:19:22 - train: epoch 189, iter:0, loss: 3.1613, lr: 0.0008658394705735988
2025-04-23 21:21:03 - train: epoch 189, iter:20, loss: 3.1555, lr: 0.0008658394705735988
2025-04-23 21:22:42 - train: epoch 189, iter:40, loss: 3.1503, lr: 0.0008658394705735988
2025-04-23 21:24:24 - train: epoch 189, iter:60, loss: 3.1479, lr: 0.0008658394705735988
2025-04-23 21:26:05 - train: epoch 189, iter:80, loss: 3.1482, lr: 0.0008658394705735988
2025-04-23 21:27:09 - val epoch: 189, loss: 0.1576
-> 整体准确率: 0.9932, 平均IoU: 0.8229, 平均Dice: 0.8894
-> 各类别指标:
类别cls0: Acc=0.9969, Dice=0.9984, IoU=0.9967
类别cls1: Acc=0.9961, Dice=0.9581, IoU=0.9196
类别cls2: Acc=0.9933, Dice=0.7116, IoU=0.5523
混淆矩阵:
[[35495387     4713    92762]
 [    1821  1684830   101120]
 [   18009    39707   310387]]
2025-04-23 21:27:14 - train: epoch 190, iter:0, loss: 3.1914, lr: 0.0008864040551740157
2025-04-23 21:28:53 - train: epoch 190, iter:20, loss: 3.1544, lr: 0.0008864040551740157
2025-04-23 21:30:32 - train: epoch 190, iter:40, loss: 3.1500, lr: 0.0008864040551740157
2025-04-23 21:32:11 - train: epoch 190, iter:60, loss: 3.1541, lr: 0.0008864040551740157
2025-04-23 21:33:51 - train: epoch 190, iter:80, loss: 3.1537, lr: 0.0008864040551740157
2025-04-23 21:34:57 - val epoch: 190, loss: 0.1597
-> 整体准确率: 0.9930, 平均IoU: 0.8206, 平均Dice: 0.8874
-> 各类别指标:
类别cls0: Acc=0.9966, Dice=0.9982, IoU=0.9964
类别cls1: Acc=0.9962, Dice=0.9589, IoU=0.9211
类别cls2: Acc=0.9931, Dice=0.705, IoU=0.5444
混淆矩阵:
[[35481575     4383   106904]
 [    1421  1690445    95905]
 [   14178    43119   310806]]
2025-04-23 21:35:02 - train: epoch 191, iter:0, loss: 3.1948, lr: 0.0009054634122155989
2025-04-23 21:36:42 - train: epoch 191, iter:20, loss: 3.1541, lr: 0.0009054634122155989
2025-04-23 21:38:22 - train: epoch 191, iter:40, loss: 3.1498, lr: 0.0009054634122155989
2025-04-23 21:40:02 - train: epoch 191, iter:60, loss: 3.1514, lr: 0.0009054634122155989
2025-04-23 21:41:40 - train: epoch 191, iter:80, loss: 3.1514, lr: 0.0009054634122155989
2025-04-23 21:42:44 - val epoch: 191, loss: 0.1744
-> 整体准确率: 0.9925, 平均IoU: 0.8090, 平均Dice: 0.8774
-> 各类别指标:
类别cls0: Acc=0.9962, Dice=0.998, IoU=0.996
类别cls1: Acc=0.9961, Dice=0.9589, IoU=0.9211
类别cls2: Acc=0.9927, Dice=0.6754, IoU=0.5099
混淆矩阵:
[[35466139     6787   119936]
 [     777  1716173    70821]
 [   14406    68715   284982]]
2025-04-23 21:42:50 - train: epoch 192, iter:0, loss: 3.1563, lr: 0.0009229423231234973
2025-04-23 21:44:27 - train: epoch 192, iter:20, loss: 3.1489, lr: 0.0009229423231234973
2025-04-23 21:46:07 - train: epoch 192, iter:40, loss: 3.1460, lr: 0.0009229423231234973
2025-04-23 21:47:48 - train: epoch 192, iter:60, loss: 3.1494, lr: 0.0009229423231234973
2025-04-23 21:49:30 - train: epoch 192, iter:80, loss: 3.1527, lr: 0.0009229423231234973
2025-04-23 21:50:34 - val epoch: 192, loss: 0.1598
-> 整体准确率: 0.9931, 平均IoU: 0.8212, 平均Dice: 0.8877
-> 各类别指标:
类别cls0: Acc=0.9967, Dice=0.9982, IoU=0.9965
类别cls1: Acc=0.9962, Dice=0.9599, IoU=0.9229
类别cls2: Acc=0.9933, Dice=0.7049, IoU=0.5442
混淆矩阵:
[[35483326     5279   104257]
 [    1783  1701384    84604]
 [   14541    50445   303117]]
2025-04-23 21:50:40 - train: epoch 193, iter:0, loss: 3.1330, lr: 0.0009387718066217124
2025-04-23 21:52:19 - train: epoch 193, iter:20, loss: 3.1401, lr: 0.0009387718066217124
2025-04-23 21:53:58 - train: epoch 193, iter:40, loss: 3.1421, lr: 0.0009387718066217124
2025-04-23 21:55:38 - train: epoch 193, iter:60, loss: 3.1468, lr: 0.0009387718066217124
2025-04-23 21:57:20 - train: epoch 193, iter:80, loss: 3.1493, lr: 0.0009387718066217124
2025-04-23 21:58:23 - val epoch: 193, loss: 0.1597
-> 整体准确率: 0.9933, 平均IoU: 0.8227, 平均Dice: 0.8885
-> 各类别指标:
类别cls0: Acc=0.9966, Dice=0.9982, IoU=0.9964
类别cls1: Acc=0.9964, Dice=0.9624, IoU=0.9276
类别cls2: Acc=0.9935, Dice=0.7048, IoU=0.5441
混淆矩阵:
[[35479836     7545   105481]
 [     745  1724097    62929]
 [   12819    63352   291932]]
2025-04-23 21:58:28 - train: epoch 194, iter:0, loss: 3.2043, lr: 0.0009528893909706795
2025-04-23 22:00:09 - train: epoch 194, iter:20, loss: 3.1532, lr: 0.0009528893909706795
2025-04-23 22:01:49 - train: epoch 194, iter:40, loss: 3.1517, lr: 0.0009528893909706795
2025-04-23 22:03:28 - train: epoch 194, iter:60, loss: 3.1516, lr: 0.0009528893909706795
2025-04-23 22:05:07 - train: epoch 194, iter:80, loss: 3.1521, lr: 0.0009528893909706795
2025-04-23 22:06:13 - val epoch: 194, loss: 0.1695
-> 整体准确率: 0.9926, 平均IoU: 0.8122, 平均Dice: 0.8804
-> 各类别指标:
类别cls0: Acc=0.9964, Dice=0.9981, IoU=0.9962
类别cls1: Acc=0.996, Dice=0.9576, IoU=0.9187
类别cls2: Acc=0.9928, Dice=0.6856, IoU=0.5216
混淆矩阵:
[[35474656     5721   112485]
 [    1084  1699825    86862]
 [   15369    56755   295979]]
2025-04-23 22:06:18 - train: epoch 195, iter:0, loss: 3.1306, lr: 0.0009652393605146845
2025-04-23 22:07:57 - train: epoch 195, iter:20, loss: 3.1558, lr: 0.0009652393605146845
2025-04-23 22:09:36 - train: epoch 195, iter:40, loss: 3.1549, lr: 0.0009652393605146845
2025-04-23 22:11:14 - train: epoch 195, iter:60, loss: 3.1478, lr: 0.0009652393605146845
2025-04-23 22:12:53 - train: epoch 195, iter:80, loss: 3.1470, lr: 0.0009652393605146845
2025-04-23 22:13:59 - val epoch: 195, loss: 0.1645
-> 整体准确率: 0.9930, 平均IoU: 0.8176, 平均Dice: 0.8847
-> 各类别指标:
类别cls0: Acc=0.9966, Dice=0.9982, IoU=0.9964
类别cls1: Acc=0.9962, Dice=0.9599, IoU=0.9228
类别cls2: Acc=0.9931, Dice=0.6959, IoU=0.5337
混淆矩阵:
[[35481224     5351   106287]
 [    1259  1706354    80158]
 [   16256    55912   295935]]
2025-04-23 22:14:04 - train: epoch 196, iter:0, loss: 3.1272, lr: 0.0009757729755661011
2025-04-23 22:15:43 - train: epoch 196, iter:20, loss: 3.1462, lr: 0.0009757729755661011
2025-04-23 22:17:22 - train: epoch 196, iter:40, loss: 3.1477, lr: 0.0009757729755661011
2025-04-23 22:19:02 - train: epoch 196, iter:60, loss: 3.1471, lr: 0.0009757729755661011
2025-04-23 22:20:41 - train: epoch 196, iter:80, loss: 3.1508, lr: 0.0009757729755661011
2025-04-23 22:21:45 - val epoch: 196, loss: 0.1610
-> 整体准确率: 0.9931, 平均IoU: 0.8205, 平均Dice: 0.8870
-> 各类别指标:
类别cls0: Acc=0.9966, Dice=0.9982, IoU=0.9964
类别cls1: Acc=0.9963, Dice=0.9603, IoU=0.9237
类别cls2: Acc=0.9932, Dice=0.7026, IoU=0.5415
混淆矩阵:
[[35480650     5152   107060]
 [    1697  1704121    81953]
 [   14503    51929   301671]]
2025-04-23 22:21:51 - train: epoch 197, iter:0, loss: 3.1915, lr: 0.0009844486647586726
2025-04-23 22:23:29 - train: epoch 197, iter:20, loss: 3.1528, lr: 0.0009844486647586726
2025-04-23 22:25:06 - train: epoch 197, iter:40, loss: 3.1508, lr: 0.0009844486647586726
2025-04-23 22:26:46 - train: epoch 197, iter:60, loss: 3.1506, lr: 0.0009844486647586726
2025-04-23 22:28:25 - train: epoch 197, iter:80, loss: 3.1509, lr: 0.0009844486647586726
2025-04-23 22:29:29 - val epoch: 197, loss: 0.1641
-> 整体准确率: 0.9928, 平均IoU: 0.8175, 平均Dice: 0.8843
-> 各类别指标:
类别cls0: Acc=0.9963, Dice=0.998, IoU=0.9961
类别cls1: Acc=0.9964, Dice=0.9615, IoU=0.9258
类别cls2: Acc=0.993, Dice=0.6933, IoU=0.5305
混淆矩阵:
[[35463612     5818   123432]
 [    1093  1716199    70479]
 [    9766    60161   298176]]
2025-04-23 22:29:34 - train: epoch 198, iter:0, loss: 3.1509, lr: 0.000991232189110701
2025-04-23 22:31:14 - train: epoch 198, iter:20, loss: 3.1574, lr: 0.000991232189110701
2025-04-23 22:32:53 - train: epoch 198, iter:40, loss: 3.1525, lr: 0.000991232189110701
2025-04-23 22:34:30 - train: epoch 198, iter:60, loss: 3.1496, lr: 0.000991232189110701
2025-04-23 22:36:10 - train: epoch 198, iter:80, loss: 3.1498, lr: 0.000991232189110701
2025-04-23 22:37:13 - val epoch: 198, loss: 0.1628
-> 整体准确率: 0.9932, 平均IoU: 0.8193, 平均Dice: 0.8865
-> 各类别指标:
类别cls0: Acc=0.997, Dice=0.9984, IoU=0.9968
类别cls1: Acc=0.996, Dice=0.9576, IoU=0.9186
类别cls2: Acc=0.9933, Dice=0.7035, IoU=0.5426
混淆矩阵:
[[35506636     3596    82630]
 [    2759  1686148    98864]
 [   25696    44211   298196]]
2025-04-23 22:37:19 - train: epoch 199, iter:0, loss: 3.1130, lr: 0.0009960967771506667
2025-04-23 22:38:58 - train: epoch 199, iter:20, loss: 3.1609, lr: 0.0009960967771506667
2025-04-23 22:40:37 - train: epoch 199, iter:40, loss: 3.1574, lr: 0.0009960967771506667
2025-04-23 22:42:17 - train: epoch 199, iter:60, loss: 3.1567, lr: 0.0009960967771506667
2025-04-23 22:43:56 - train: epoch 199, iter:80, loss: 3.1501, lr: 0.0009960967771506667
2025-04-23 22:44:59 - val epoch: 199, loss: 0.1567
-> 整体准确率: 0.9935, 平均IoU: 0.8252, 平均Dice: 0.8907
-> 各类别指标:
类别cls0: Acc=0.9969, Dice=0.9984, IoU=0.9968
类别cls1: Acc=0.9963, Dice=0.9612, IoU=0.9253
类别cls2: Acc=0.9936, Dice=0.7126, IoU=0.5535
混淆矩阵:
[[35498463     5148    89251]
 [    1486  1706049    80236]
 [   19594    50936   297573]]
2025-04-23 22:45:05 - train: epoch 200, iter:0, loss: 3.2042, lr: 0.0009990232305719944
2025-04-23 22:46:45 - train: epoch 200, iter:20, loss: 3.1485, lr: 0.0009990232305719944
2025-04-23 22:48:25 - train: epoch 200, iter:40, loss: 3.1488, lr: 0.0009990232305719944
2025-04-23 22:50:03 - train: epoch 200, iter:60, loss: 3.1497, lr: 0.0009990232305719944
2025-04-23 22:51:43 - train: epoch 200, iter:80, loss: 3.1505, lr: 0.0009990232305719944
2025-04-23 22:52:46 - val epoch: 200, loss: 0.1561
-> 整体准确率: 0.9934, 平均IoU: 0.8257, 平均Dice: 0.8910
-> 各类别指标:
类别cls0: Acc=0.9968, Dice=0.9983, IoU=0.9967
类别cls1: Acc=0.9964, Dice=0.962, IoU=0.9268
类别cls2: Acc=0.9936, Dice=0.7127, IoU=0.5537
混淆矩阵:
[[35491440     5248    96174]
 [    1368  1710764    75639]
 [   16349    52826   298928]]
2025-04-23 22:52:51 - train: epoch 201, iter:0, loss: 3.1021, lr: 0.001
2025-04-23 22:54:30 - train: epoch 201, iter:20, loss: 3.1408, lr: 0.001
2025-04-23 22:56:09 - train: epoch 201, iter:40, loss: 3.1493, lr: 0.001
2025-04-23 22:57:49 - train: epoch 201, iter:60, loss: 3.1485, lr: 0.001
2025-04-23 22:59:29 - train: epoch 201, iter:80, loss: 3.1477, lr: 0.001
2025-04-23 23:00:33 - val epoch: 201, loss: 0.1615
-> 整体准确率: 0.9929, 平均IoU: 0.8193, 平均Dice: 0.8861
-> 各类别指标:
类别cls0: Acc=0.9965, Dice=0.9981, IoU=0.9963
类别cls1: Acc=0.9962, Dice=0.9597, IoU=0.9226
类别cls2: Acc=0.993, Dice=0.7004, IoU=0.5389
混淆矩阵:
[[35472825     5242   114795]
 [     738  1698921    88112]
 [   11932    48439   307732]]
2025-04-23 23:00:39 - train: epoch 202, iter:0, loss: 3.1600, lr: 0.0009990232305719946
2025-04-23 23:02:16 - train: epoch 202, iter:20, loss: 3.1458, lr: 0.0009990232305719946
2025-04-23 23:03:54 - train: epoch 202, iter:40, loss: 3.1509, lr: 0.0009990232305719946
2025-04-23 23:05:33 - train: epoch 202, iter:60, loss: 3.1480, lr: 0.0009990232305719946
2025-04-23 23:07:11 - train: epoch 202, iter:80, loss: 3.1470, lr: 0.0009990232305719946
2025-04-23 23:08:14 - val epoch: 202, loss: 0.1559
-> 整体准确率: 0.9934, 平均IoU: 0.8258, 平均Dice: 0.8913
-> 各类别指标:
类别cls0: Acc=0.997, Dice=0.9984, IoU=0.9968
类别cls1: Acc=0.9963, Dice=0.9604, IoU=0.9238
类别cls2: Acc=0.9936, Dice=0.7152, IoU=0.5567
混淆矩阵:
[[35499456     4697    88709]
 [    1800  1697612    88359]
 [   19432    45181   303490]]
2025-04-23 23:08:20 - train: epoch 203, iter:0, loss: 3.1571, lr: 0.0009960967771506667
2025-04-23 23:09:58 - train: epoch 203, iter:20, loss: 3.1502, lr: 0.0009960967771506667
2025-04-23 23:11:36 - train: epoch 203, iter:40, loss: 3.1492, lr: 0.0009960967771506667
2025-04-23 23:13:16 - train: epoch 203, iter:60, loss: 3.1508, lr: 0.0009960967771506667
2025-04-23 23:14:55 - train: epoch 203, iter:80, loss: 3.1529, lr: 0.0009960967771506667
2025-04-23 23:16:00 - val epoch: 203, loss: 0.1663
-> 整体准确率: 0.9930, 平均IoU: 0.8161, 平均Dice: 0.8838
-> 各类别指标:
类别cls0: Acc=0.9967, Dice=0.9983, IoU=0.9965
类别cls1: Acc=0.996, Dice=0.9579, IoU=0.9192
类别cls2: Acc=0.9931, Dice=0.6951, IoU=0.5326
混淆矩阵:
[[35490740     5890    96232]
 [    1128  1697281    89362]
 [   20411    52774   294918]]
2025-04-23 23:16:06 - train: epoch 204, iter:0, loss: 3.1863, lr: 0.000991232189110701
2025-04-23 23:17:44 - train: epoch 204, iter:20, loss: 3.1553, lr: 0.000991232189110701
2025-04-23 23:19:23 - train: epoch 204, iter:40, loss: 3.1599, lr: 0.000991232189110701
2025-04-23 23:21:01 - train: epoch 204, iter:60, loss: 3.1497, lr: 0.000991232189110701
2025-04-23 23:22:39 - train: epoch 204, iter:80, loss: 3.1481, lr: 0.000991232189110701
2025-04-23 23:23:44 - val epoch: 204, loss: 0.1596
-> 整体准确率: 0.9932, 平均IoU: 0.8219, 平均Dice: 0.8881
-> 各类别指标:
类别cls0: Acc=0.9967, Dice=0.9983, IoU=0.9965
类别cls1: Acc=0.9963, Dice=0.961, IoU=0.9249
类别cls2: Acc=0.9934, Dice=0.705, IoU=0.5444
混淆矩阵:
[[35485535     5026   102301]
 [    1450  1708659    77662]
 [   15196    54536   298371]]
2025-04-23 23:23:49 - train: epoch 205, iter:0, loss: 3.1619, lr: 0.0009844486647586723
2025-04-23 23:25:29 - train: epoch 205, iter:20, loss: 3.1484, lr: 0.0009844486647586723
2025-04-23 23:27:08 - train: epoch 205, iter:40, loss: 3.1506, lr: 0.0009844486647586723
2025-04-23 23:28:44 - train: epoch 205, iter:60, loss: 3.1487, lr: 0.0009844486647586723
2025-04-23 23:30:24 - train: epoch 205, iter:80, loss: 3.1493, lr: 0.0009844486647586723
2025-04-23 23:31:28 - val epoch: 205, loss: 0.1573
-> 整体准确率: 0.9933, 平均IoU: 0.8240, 平均Dice: 0.8900
-> 各类别指标:
类别cls0: Acc=0.9969, Dice=0.9984, IoU=0.9967
类别cls1: Acc=0.9963, Dice=0.9601, IoU=0.9233
类别cls2: Acc=0.9935, Dice=0.7115, IoU=0.5521
混淆矩阵:
[[35496521     4279    92062]
 [    2045  1697805    87921]
 [   18593    46885   302625]]
2025-04-23 23:31:33 - train: epoch 206, iter:0, loss: 3.0919, lr: 0.0009757729755661011
2025-04-23 23:33:13 - train: epoch 206, iter:20, loss: 3.1499, lr: 0.0009757729755661011
2025-04-23 23:34:52 - train: epoch 206, iter:40, loss: 3.1556, lr: 0.0009757729755661011
2025-04-23 23:36:31 - train: epoch 206, iter:60, loss: 3.1576, lr: 0.0009757729755661011
2025-04-23 23:38:09 - train: epoch 206, iter:80, loss: 3.1582, lr: 0.0009757729755661011
2025-04-23 23:39:14 - val epoch: 206, loss: 0.1602
-> 整体准确率: 0.9933, 平均IoU: 0.8221, 平均Dice: 0.8882
-> 各类别指标:
类别cls0: Acc=0.9968, Dice=0.9983, IoU=0.9966
类别cls1: Acc=0.9963, Dice=0.9612, IoU=0.9253
类别cls2: Acc=0.9935, Dice=0.7051, IoU=0.5445
混淆矩阵:
[[35486619     6289    99954]
 [    1364  1714915    71492]
 [   14996    59309   293798]]
2025-04-23 23:39:20 - train: epoch 207, iter:0, loss: 3.1795, lr: 0.0009652393605146846
2025-04-23 23:40:59 - train: epoch 207, iter:20, loss: 3.1403, lr: 0.0009652393605146846
2025-04-23 23:42:38 - train: epoch 207, iter:40, loss: 3.1503, lr: 0.0009652393605146846
2025-04-23 23:44:16 - train: epoch 207, iter:60, loss: 3.1558, lr: 0.0009652393605146846
2025-04-23 23:45:56 - train: epoch 207, iter:80, loss: 3.1541, lr: 0.0009652393605146846
2025-04-23 23:47:00 - val epoch: 207, loss: 0.1655
-> 整体准确率: 0.9927, 平均IoU: 0.8151, 平均Dice: 0.8830
-> 各类别指标:
类别cls0: Acc=0.9966, Dice=0.9982, IoU=0.9964
类别cls1: Acc=0.996, Dice=0.9572, IoU=0.9179
类别cls2: Acc=0.9929, Dice=0.6937, IoU=0.5311
混淆矩阵:
[[35480874     4921   107067]
 [    1381  1690998    95392]
 [   15644    49458   303001]]
2025-04-23 23:47:06 - train: epoch 208, iter:0, loss: 3.1579, lr: 0.0009528893909706799
2025-04-23 23:48:45 - train: epoch 208, iter:20, loss: 3.1391, lr: 0.0009528893909706799
2025-04-23 23:50:24 - train: epoch 208, iter:40, loss: 3.1431, lr: 0.0009528893909706799
2025-04-23 23:52:03 - train: epoch 208, iter:60, loss: 3.1449, lr: 0.0009528893909706799
2025-04-23 23:53:41 - train: epoch 208, iter:80, loss: 3.1475, lr: 0.0009528893909706799
2025-04-23 23:54:47 - val epoch: 208, loss: 0.1601
-> 整体准确率: 0.9932, 平均IoU: 0.8213, 平均Dice: 0.8876
-> 各类别指标:
类别cls0: Acc=0.9967, Dice=0.9983, IoU=0.9965
类别cls1: Acc=0.9963, Dice=0.9608, IoU=0.9245
类别cls2: Acc=0.9934, Dice=0.7038, IoU=0.5429
混淆矩阵:
[[35484969     5719   102174]
 [    1346  1710589    75836]
 [   14801    56796   296506]]
2025-04-23 23:54:52 - train: epoch 209, iter:0, loss: 3.2037, lr: 0.0009387718066217124
2025-04-23 23:56:33 - train: epoch 209, iter:20, loss: 3.1558, lr: 0.0009387718066217124
2025-04-23 23:58:12 - train: epoch 209, iter:40, loss: 3.1484, lr: 0.0009387718066217124
2025-04-23 23:59:53 - train: epoch 209, iter:60, loss: 3.1518, lr: 0.0009387718066217124
2025-04-24 00:01:34 - train: epoch 209, iter:80, loss: 3.1517, lr: 0.0009387718066217124
2025-04-24 00:02:38 - val epoch: 209, loss: 0.1605
-> 整体准确率: 0.9933, 平均IoU: 0.8214, 平均Dice: 0.8881
-> 各类别指标:
类别cls0: Acc=0.997, Dice=0.9984, IoU=0.9969
类别cls1: Acc=0.9961, Dice=0.958, IoU=0.9194
类别cls2: Acc=0.9935, Dice=0.708, IoU=0.5479
混淆矩阵:
[[35509264     4300    79298]
 [    2112  1686911    98748]
 [   26034    42816   299253]]
2025-04-24 00:02:43 - train: epoch 210, iter:0, loss: 3.1257, lr: 0.0009229423231234975
2025-04-24 00:04:22 - train: epoch 210, iter:20, loss: 3.1379, lr: 0.0009229423231234975
2025-04-24 00:05:58 - train: epoch 210, iter:40, loss: 3.1407, lr: 0.0009229423231234975
2025-04-24 00:07:37 - train: epoch 210, iter:60, loss: 3.1442, lr: 0.0009229423231234975
2025-04-24 00:09:15 - train: epoch 210, iter:80, loss: 3.1464, lr: 0.0009229423231234975
2025-04-24 00:10:19 - val epoch: 210, loss: 0.1573
-> 整体准确率: 0.9934, 平均IoU: 0.8244, 平均Dice: 0.8901
-> 各类别指标:
类别cls0: Acc=0.9969, Dice=0.9984, IoU=0.9967
类别cls1: Acc=0.9963, Dice=0.9609, IoU=0.9247
类别cls2: Acc=0.9936, Dice=0.7111, IoU=0.5517
混淆矩阵:
[[35496210     5038    91614]
 [    1509  1704431    81831]
 [   18866    50440   298797]]
2025-04-24 00:10:25 - train: epoch 211, iter:0, loss: 3.1660, lr: 0.0009054634122155991
2025-04-24 00:12:02 - train: epoch 211, iter:20, loss: 3.1590, lr: 0.0009054634122155991
2025-04-24 00:13:40 - train: epoch 211, iter:40, loss: 3.1506, lr: 0.0009054634122155991
2025-04-24 00:15:20 - train: epoch 211, iter:60, loss: 3.1471, lr: 0.0009054634122155991
2025-04-24 00:16:58 - train: epoch 211, iter:80, loss: 3.1501, lr: 0.0009054634122155991
2025-04-24 00:18:03 - val epoch: 211, loss: 0.1534
-> 整体准确率: 0.9935, 平均IoU: 0.8278, 平均Dice: 0.8928
-> 各类别指标:
类别cls0: Acc=0.997, Dice=0.9984, IoU=0.9968
类别cls1: Acc=0.9964, Dice=0.9616, IoU=0.926
类别cls2: Acc=0.9937, Dice=0.7184, IoU=0.5606
混淆矩阵:
[[35497866     4775    90221]
 [    1391  1703349    83031]
 [   17732    46888   303483]]
2025-04-24 00:18:08 - train: epoch 212, iter:0, loss: 3.0846, lr: 0.000886404055174016
2025-04-24 00:19:49 - train: epoch 212, iter:20, loss: 3.1533, lr: 0.000886404055174016
2025-04-24 00:21:27 - train: epoch 212, iter:40, loss: 3.1491, lr: 0.000886404055174016
2025-04-24 00:23:05 - train: epoch 212, iter:60, loss: 3.1458, lr: 0.000886404055174016
2025-04-24 00:24:44 - train: epoch 212, iter:80, loss: 3.1482, lr: 0.000886404055174016
2025-04-24 00:25:47 - val epoch: 212, loss: 0.1610
-> 整体准确率: 0.9930, 平均IoU: 0.8194, 平均Dice: 0.8864
-> 各类别指标:
类别cls0: Acc=0.9968, Dice=0.9983, IoU=0.9966
类别cls1: Acc=0.9961, Dice=0.9584, IoU=0.92
类别cls2: Acc=0.9932, Dice=0.7026, IoU=0.5415
混淆矩阵:
[[35488818     4305    99739]
 [    1253  1690686    95832]
 [   17298    45548   305257]]
2025-04-24 00:25:53 - train: epoch 213, iter:0, loss: 3.1651, lr: 0.0008658394705735985
2025-04-24 00:27:29 - train: epoch 213, iter:20, loss: 3.1441, lr: 0.0008658394705735985
2025-04-24 00:29:09 - train: epoch 213, iter:40, loss: 3.1497, lr: 0.0008658394705735985
2025-04-24 00:30:49 - train: epoch 213, iter:60, loss: 3.1494, lr: 0.0008658394705735985
2025-04-24 00:32:27 - train: epoch 213, iter:80, loss: 3.1539, lr: 0.0008658394705735985
2025-04-24 00:33:33 - val epoch: 213, loss: 0.1576
-> 整体准确率: 0.9935, 平均IoU: 0.8243, 平均Dice: 0.8901
-> 各类别指标:
类别cls0: Acc=0.997, Dice=0.9984, IoU=0.9968
类别cls1: Acc=0.9963, Dice=0.9606, IoU=0.9242
类别cls2: Acc=0.9937, Dice=0.7112, IoU=0.5518
混淆矩阵:
[[35501484     6523    84855]
 [    1215  1710435    76121]
 [   19656    56481   291966]]
2025-04-24 00:33:39 - train: epoch 214, iter:0, loss: 3.1281, lr: 0.0008438508174347008
2025-04-24 00:35:20 - train: epoch 214, iter:20, loss: 3.1416, lr: 0.0008438508174347008
2025-04-24 00:37:00 - train: epoch 214, iter:40, loss: 3.1390, lr: 0.0008438508174347008
2025-04-24 00:38:40 - train: epoch 214, iter:60, loss: 3.1463, lr: 0.0008438508174347008
2025-04-24 00:40:19 - train: epoch 214, iter:80, loss: 3.1473, lr: 0.0008438508174347008
2025-04-24 00:41:24 - val epoch: 214, loss: 0.1586
-> 整体准确率: 0.9933, 平均IoU: 0.8231, 平均Dice: 0.8893
-> 各类别指标:
类别cls0: Acc=0.9969, Dice=0.9984, IoU=0.9967
类别cls1: Acc=0.9962, Dice=0.9598, IoU=0.9226
类别cls2: Acc=0.9935, Dice=0.7096, IoU=0.55
混淆矩阵:
[[35498348     4918    89596]
 [    1505  1697181    89085]
 [   20553    46839   300711]]
2025-04-24 00:41:29 - train: epoch 215, iter:0, loss: 3.1462, lr: 0.0008205248749256014
2025-04-24 00:43:09 - train: epoch 215, iter:20, loss: 3.1433, lr: 0.0008205248749256014
2025-04-24 00:44:48 - train: epoch 215, iter:40, loss: 3.1478, lr: 0.0008205248749256014
2025-04-24 00:46:26 - train: epoch 215, iter:60, loss: 3.1471, lr: 0.0008205248749256014
2025-04-24 00:48:05 - train: epoch 215, iter:80, loss: 3.1470, lr: 0.0008205248749256014
2025-04-24 00:49:10 - val epoch: 215, loss: 0.1576
-> 整体准确率: 0.9934, 平均IoU: 0.8243, 平均Dice: 0.8906
-> 各类别指标:
类别cls0: Acc=0.9972, Dice=0.9985, IoU=0.997
类别cls1: Acc=0.9961, Dice=0.9578, IoU=0.919
类别cls2: Acc=0.9936, Dice=0.7154, IoU=0.5569
混淆矩阵:
[[35514876     3831    74155]
 [    2776  1680485   104510]
 [   26527    37098   304478]]
2025-04-24 00:49:16 - train: epoch 216, iter:0, loss: 3.1118, lr: 0.0007959536998847743
2025-04-24 00:50:56 - train: epoch 216, iter:20, loss: 3.1485, lr: 0.0007959536998847743
2025-04-24 00:52:35 - train: epoch 216, iter:40, loss: 3.1485, lr: 0.0007959536998847743
2025-04-24 00:54:11 - train: epoch 216, iter:60, loss: 3.1483, lr: 0.0007959536998847743
2025-04-24 00:55:50 - train: epoch 216, iter:80, loss: 3.1477, lr: 0.0007959536998847743
2025-04-24 00:56:54 - val epoch: 216, loss: 0.1547
-> 整体准确率: 0.9933, 平均IoU: 0.8259, 平均Dice: 0.8912
-> 各类别指标:
类别cls0: Acc=0.9967, Dice=0.9983, IoU=0.9965
类别cls1: Acc=0.9965, Dice=0.9626, IoU=0.9278
类别cls2: Acc=0.9935, Dice=0.7126, IoU=0.5535
混淆矩阵:
[[35481944     5108   105810]
 [     933  1711804    75034]
 [   12205    52049   303849]]
2025-04-24 00:56:59 - train: epoch 217, iter:0, loss: 3.1383, lr: 0.0007702342635146037
2025-04-24 00:58:38 - train: epoch 217, iter:20, loss: 3.1443, lr: 0.0007702342635146037
2025-04-24 01:00:16 - train: epoch 217, iter:40, loss: 3.1464, lr: 0.0007702342635146037
2025-04-24 01:01:54 - train: epoch 217, iter:60, loss: 3.1470, lr: 0.0007702342635146037
2025-04-24 01:03:34 - train: epoch 217, iter:80, loss: 3.1463, lr: 0.0007702342635146037
2025-04-24 01:04:39 - val epoch: 217, loss: 0.1748
-> 整体准确率: 0.9926, 平均IoU: 0.8075, 平均Dice: 0.8766
-> 各类别指标:
类别cls0: Acc=0.9965, Dice=0.9981, IoU=0.9963
类别cls1: Acc=0.9959, Dice=0.9561, IoU=0.916
类别cls2: Acc=0.9928, Dice=0.6757, IoU=0.5102
混淆矩阵:
[[35478469     6435   107958]
 [    1084  1704977    81710]
 [   16300    67211   284592]]
2025-04-24 01:04:45 - train: epoch 218, iter:0, loss: 3.1301, lr: 0.0007434680686803494
2025-04-24 01:06:24 - train: epoch 218, iter:20, loss: 3.1439, lr: 0.0007434680686803494
2025-04-24 01:08:04 - train: epoch 218, iter:40, loss: 3.1488, lr: 0.0007434680686803494
2025-04-24 01:09:43 - train: epoch 218, iter:60, loss: 3.1467, lr: 0.0007434680686803494
2025-04-24 01:11:21 - train: epoch 218, iter:80, loss: 3.1447, lr: 0.0007434680686803494
2025-04-24 01:12:27 - val epoch: 218, loss: 0.1527
-> 整体准确率: 0.9936, 平均IoU: 0.8283, 平均Dice: 0.8934
-> 各类别指标:
类别cls0: Acc=0.9971, Dice=0.9985, IoU=0.9969
类别cls1: Acc=0.9963, Dice=0.9606, IoU=0.9242
类别cls2: Acc=0.9938, Dice=0.7211, IoU=0.5638
混淆矩阵:
[[35505639     4609    82614]
 [    1785  1697012    88974]
 [   19990    43832   304281]]
2025-04-24 01:12:33 - train: epoch 219, iter:0, loss: 3.1327, lr: 0.0007157607493247116
2025-04-24 01:14:12 - train: epoch 219, iter:20, loss: 3.1362, lr: 0.0007157607493247116
2025-04-24 01:15:48 - train: epoch 219, iter:40, loss: 3.1380, lr: 0.0007157607493247116
2025-04-24 01:17:27 - train: epoch 219, iter:60, loss: 3.1414, lr: 0.0007157607493247116
2025-04-24 01:19:08 - train: epoch 219, iter:80, loss: 3.1435, lr: 0.0007157607493247116
2025-04-24 01:20:12 - val epoch: 219, loss: 0.1534
-> 整体准确率: 0.9935, 平均IoU: 0.8275, 平均Dice: 0.8930
-> 各类别指标:
类别cls0: Acc=0.9972, Dice=0.9985, IoU=0.9971
类别cls1: Acc=0.9962, Dice=0.9586, IoU=0.9205
类别cls2: Acc=0.9937, Dice=0.7219, IoU=0.5648
混淆矩阵:
[[35514451     4113    74298]
 [    1956  1681955   103860]
 [   24273    35314   308516]]
2025-04-24 01:20:17 - train: epoch 220, iter:0, loss: 3.1050, lr: 0.0006872216535789156
2025-04-24 01:21:56 - train: epoch 220, iter:20, loss: 3.1532, lr: 0.0006872216535789156
2025-04-24 01:23:34 - train: epoch 220, iter:40, loss: 3.1473, lr: 0.0006872216535789156
2025-04-24 01:25:13 - train: epoch 220, iter:60, loss: 3.1439, lr: 0.0006872216535789156
2025-04-24 01:26:51 - train: epoch 220, iter:80, loss: 3.1451, lr: 0.0006872216535789156
2025-04-24 01:27:54 - val epoch: 220, loss: 0.1686
-> 整体准确率: 0.9932, 平均IoU: 0.8166, 平均Dice: 0.8835
-> 各类别指标:
类别cls0: Acc=0.9966, Dice=0.9982, IoU=0.9964
类别cls1: Acc=0.9963, Dice=0.9614, IoU=0.9256
类别cls2: Acc=0.9935, Dice=0.691, IoU=0.5279
混淆矩阵:
[[35479641     9858   103363]
 [     485  1737291    49995]
 [   13521    79315   275267]]
2025-04-24 01:27:59 - train: epoch 221, iter:0, loss: 3.1661, lr: 0.0006579634122155991
2025-04-24 01:29:37 - train: epoch 221, iter:20, loss: 3.1349, lr: 0.0006579634122155991
2025-04-24 01:31:14 - train: epoch 221, iter:40, loss: 3.1374, lr: 0.0006579634122155991
2025-04-24 01:32:54 - train: epoch 221, iter:60, loss: 3.1442, lr: 0.0006579634122155991
2025-04-24 01:34:33 - train: epoch 221, iter:80, loss: 3.1428, lr: 0.0006579634122155991
2025-04-24 01:35:37 - val epoch: 221, loss: 0.1517
-> 整体准确率: 0.9937, 平均IoU: 0.8300, 平均Dice: 0.8945
-> 各类别指标:
类别cls0: Acc=0.9971, Dice=0.9984, IoU=0.9969
类别cls1: Acc=0.9965, Dice=0.9624, IoU=0.9275
类别cls2: Acc=0.9939, Dice=0.7226, IoU=0.5657
混淆矩阵:
[[35500279     5026    87557]
 [    1263  1708186    78322]
 [   17207    48841   302055]]
2025-04-24 01:35:43 - train: epoch 222, iter:0, loss: 3.1120, lr: 0.0006281014941466026
2025-04-24 01:37:22 - train: epoch 222, iter:20, loss: 3.1487, lr: 0.0006281014941466026
2025-04-24 01:39:02 - train: epoch 222, iter:40, loss: 3.1455, lr: 0.0006281014941466026
2025-04-24 01:40:42 - train: epoch 222, iter:60, loss: 3.1437, lr: 0.0006281014941466026
2025-04-24 01:42:21 - train: epoch 222, iter:80, loss: 3.1455, lr: 0.0006281014941466026
2025-04-24 01:43:24 - val epoch: 222, loss: 0.1579
-> 整体准确率: 0.9932, 平均IoU: 0.8223, 平均Dice: 0.8886
-> 各类别指标:
类别cls0: Acc=0.9968, Dice=0.9983, IoU=0.9966
类别cls1: Acc=0.9962, Dice=0.9598, IoU=0.9227
类别cls2: Acc=0.9933, Dice=0.7076, IoU=0.5475
混淆矩阵:
[[35487862     4583   100417]
 [    1210  1696627    89934]
 [   15886    46478   305739]]
2025-04-24 01:43:30 - train: epoch 223, iter:0, loss: 3.1215, lr: 0.0005977537507199333
2025-04-24 01:45:09 - train: epoch 223, iter:20, loss: 3.1459, lr: 0.0005977537507199333
2025-04-24 01:46:50 - train: epoch 223, iter:40, loss: 3.1421, lr: 0.0005977537507199333
2025-04-24 01:48:28 - train: epoch 223, iter:60, loss: 3.1430, lr: 0.0005977537507199333
2025-04-24 01:50:07 - train: epoch 223, iter:80, loss: 3.1441, lr: 0.0005977537507199333
2025-04-24 01:51:11 - val epoch: 223, loss: 0.1582
-> 整体准确率: 0.9933, 平均IoU: 0.8231, 平均Dice: 0.8891
-> 各类别指标:
类别cls0: Acc=0.9969, Dice=0.9983, IoU=0.9967
类别cls1: Acc=0.9963, Dice=0.9604, IoU=0.9239
类别cls2: Acc=0.9935, Dice=0.7085, IoU=0.5486
混淆矩阵:
[[35494105     4770    93987]
 [    1852  1703233    82686]
 [   18259    50969   298875]]
2025-04-24 01:51:16 - train: epoch 224, iter:0, loss: 3.1266, lr: 0.0005670399506143304
2025-04-24 01:52:56 - train: epoch 224, iter:20, loss: 3.1315, lr: 0.0005670399506143304
2025-04-24 01:54:33 - train: epoch 224, iter:40, loss: 3.1301, lr: 0.0005670399506143304
2025-04-24 01:56:13 - train: epoch 224, iter:60, loss: 3.1340, lr: 0.0005670399506143304
2025-04-24 01:57:51 - train: epoch 224, iter:80, loss: 3.1400, lr: 0.0005670399506143304
2025-04-24 01:58:55 - val epoch: 224, loss: 0.1571
-> 整体准确率: 0.9932, 平均IoU: 0.8239, 平均Dice: 0.8895
-> 各类别指标:
类别cls0: Acc=0.9966, Dice=0.9982, IoU=0.9964
类别cls1: Acc=0.9964, Dice=0.9619, IoU=0.9266
类别cls2: Acc=0.9934, Dice=0.7085, IoU=0.5486
混淆矩阵:
[[35479496     4775   108591]
 [    1184  1708067    78520]
 [   12744    50743   304616]]
2025-04-24 01:59:00 - train: epoch 225, iter:0, loss: 3.2206, lr: 0.00053608130716701
2025-04-24 02:00:40 - train: epoch 225, iter:20, loss: 3.1419, lr: 0.00053608130716701
2025-04-24 02:02:19 - train: epoch 225, iter:40, loss: 3.1373, lr: 0.00053608130716701
2025-04-24 02:03:57 - train: epoch 225, iter:60, loss: 3.1413, lr: 0.00053608130716701
2025-04-24 02:05:37 - train: epoch 225, iter:80, loss: 3.1436, lr: 0.00053608130716701
2025-04-24 02:06:40 - val epoch: 225, loss: 0.1516
-> 整体准确率: 0.9936, 平均IoU: 0.8294, 平均Dice: 0.8940
-> 各类别指标:
类别cls0: Acc=0.997, Dice=0.9984, IoU=0.9968
类别cls1: Acc=0.9965, Dice=0.9627, IoU=0.9281
类别cls2: Acc=0.9938, Dice=0.7208, IoU=0.5634
混淆矩阵:
[[35495878     4484    92500]
 [    1398  1708429    77944]
 [   16084    48579   303440]]
2025-04-24 02:06:46 - train: epoch 226, iter:0, loss: 3.0975, lr: 0.0005050000000000001
2025-04-24 02:08:24 - train: epoch 226, iter:20, loss: 3.1328, lr: 0.0005050000000000001
2025-04-24 02:10:03 - train: epoch 226, iter:40, loss: 3.1424, lr: 0.0005050000000000001
2025-04-24 02:11:41 - train: epoch 226, iter:60, loss: 3.1441, lr: 0.0005050000000000001
2025-04-24 02:13:19 - train: epoch 226, iter:80, loss: 3.1428, lr: 0.0005050000000000001
2025-04-24 02:14:22 - val epoch: 226, loss: 0.1564
-> 整体准确率: 0.9933, 平均IoU: 0.8240, 平均Dice: 0.8899
-> 各类别指标:
类别cls0: Acc=0.9969, Dice=0.9983, IoU=0.9967
类别cls1: Acc=0.9963, Dice=0.9601, IoU=0.9232
类别cls2: Acc=0.9934, Dice=0.7114, IoU=0.5521
混淆矩阵:
[[35493141     4371    95350]
 [    1459  1695636    90676]
 [   17661    44502   305940]]
2025-04-24 02:14:28 - train: epoch 227, iter:0, loss: 3.1102, lr: 0.00047391869283299024
2025-04-24 02:16:07 - train: epoch 227, iter:20, loss: 3.1520, lr: 0.00047391869283299024
2025-04-24 02:17:45 - train: epoch 227, iter:40, loss: 3.1461, lr: 0.00047391869283299024
2025-04-24 02:19:24 - train: epoch 227, iter:60, loss: 3.1449, lr: 0.00047391869283299024
2025-04-24 02:21:05 - train: epoch 227, iter:80, loss: 3.1433, lr: 0.00047391869283299024
2025-04-24 02:22:09 - val epoch: 227, loss: 0.1563
-> 整体准确率: 0.9933, 平均IoU: 0.8247, 平均Dice: 0.8903
-> 各类别指标:
类别cls0: Acc=0.9968, Dice=0.9983, IoU=0.9966
类别cls1: Acc=0.9964, Dice=0.9616, IoU=0.926
类别cls2: Acc=0.9935, Dice=0.7109, IoU=0.5515
混淆矩阵:
[[35485996     5283   101583]
 [     994  1708693    78084]
 [   13908    52122   302073]]
2025-04-24 02:22:15 - train: epoch 228, iter:0, loss: 3.1149, lr: 0.00044296004938567
2025-04-24 02:23:55 - train: epoch 228, iter:20, loss: 3.1499, lr: 0.00044296004938567
2025-04-24 02:25:35 - train: epoch 228, iter:40, loss: 3.1428, lr: 0.00044296004938567
2025-04-24 02:27:16 - train: epoch 228, iter:60, loss: 3.1431, lr: 0.00044296004938567
2025-04-24 02:28:54 - train: epoch 228, iter:80, loss: 3.1420, lr: 0.00044296004938567
2025-04-24 02:29:59 - val epoch: 228, loss: 0.1582
-> 整体准确率: 0.9932, 平均IoU: 0.8224, 平均Dice: 0.8886
-> 各类别指标:
类别cls0: Acc=0.9968, Dice=0.9983, IoU=0.9966
类别cls1: Acc=0.9963, Dice=0.9601, IoU=0.9233
类别cls2: Acc=0.9934, Dice=0.7073, IoU=0.5472
混淆矩阵:
[[35489738     4582    98542]
 [    1326  1700144    86301]
 [   16415    49114   302574]]
2025-04-24 02:30:04 - train: epoch 229, iter:0, loss: 3.1486, lr: 0.00041224624928006703
2025-04-24 02:31:43 - train: epoch 229, iter:20, loss: 3.1588, lr: 0.00041224624928006703
2025-04-24 02:33:22 - train: epoch 229, iter:40, loss: 3.1448, lr: 0.00041224624928006703
2025-04-24 02:35:02 - train: epoch 229, iter:60, loss: 3.1448, lr: 0.00041224624928006703
2025-04-24 02:36:41 - train: epoch 229, iter:80, loss: 3.1423, lr: 0.00041224624928006703
2025-04-24 02:37:44 - val epoch: 229, loss: 0.1528
-> 整体准确率: 0.9935, 平均IoU: 0.8277, 平均Dice: 0.8928
-> 各类别指标:
类别cls0: Acc=0.997, Dice=0.9984, IoU=0.9968
类别cls1: Acc=0.9964, Dice=0.9611, IoU=0.9252
类别cls2: Acc=0.9937, Dice=0.7189, IoU=0.5612
混淆矩阵:
[[35499434     4192    89236]
 [    1562  1698442    87767]
 [   18395    43809   305899]]
2025-04-24 02:37:50 - train: epoch 230, iter:0, loss: 3.1793, lr: 0.0003818985058533978
2025-04-24 02:39:28 - train: epoch 230, iter:20, loss: 3.1391, lr: 0.0003818985058533978
2025-04-24 02:41:06 - train: epoch 230, iter:40, loss: 3.1419, lr: 0.0003818985058533978
2025-04-24 02:42:43 - train: epoch 230, iter:60, loss: 3.1400, lr: 0.0003818985058533978
2025-04-24 02:44:20 - train: epoch 230, iter:80, loss: 3.1407, lr: 0.0003818985058533978
2025-04-24 02:45:24 - val epoch: 230, loss: 0.1556
-> 整体准确率: 0.9933, 平均IoU: 0.8249, 平均Dice: 0.8905
-> 各类别指标:
类别cls0: Acc=0.9969, Dice=0.9983, IoU=0.9967
类别cls1: Acc=0.9963, Dice=0.9609, IoU=0.9247
类别cls2: Acc=0.9935, Dice=0.7123, IoU=0.5532
混淆矩阵:
[[35492170     4310    96382]
 [    1383  1700591    85797]
 [   16701    47010   304392]]
2025-04-24 02:45:29 - train: epoch 231, iter:0, loss: 3.1397, lr: 0.0003520365877844004
2025-04-24 02:47:07 - train: epoch 231, iter:20, loss: 3.1284, lr: 0.0003520365877844004
2025-04-24 02:48:45 - train: epoch 231, iter:40, loss: 3.1335, lr: 0.0003520365877844004
2025-04-24 02:50:22 - train: epoch 231, iter:60, loss: 3.1379, lr: 0.0003520365877844004
2025-04-24 02:52:00 - train: epoch 231, iter:80, loss: 3.1382, lr: 0.0003520365877844004
2025-04-24 02:53:03 - val epoch: 231, loss: 0.1567
-> 整体准确率: 0.9935, 平均IoU: 0.8249, 平均Dice: 0.8905
-> 各类别指标:
类别cls0: Acc=0.9969, Dice=0.9984, IoU=0.9968
类别cls1: Acc=0.9963, Dice=0.9611, IoU=0.9252
类别cls2: Acc=0.9936, Dice=0.7119, IoU=0.5527
混淆矩阵:
[[35498223     4957    89682]
 [    1392  1705922    80457]
 [   19488    51110   297505]]
2025-04-24 02:53:09 - train: epoch 232, iter:0, loss: 3.1317, lr: 0.00032277834642108395
2025-04-24 02:54:48 - train: epoch 232, iter:20, loss: 3.1395, lr: 0.00032277834642108395
2025-04-24 02:56:27 - train: epoch 232, iter:40, loss: 3.1394, lr: 0.00032277834642108395
2025-04-24 02:58:06 - train: epoch 232, iter:60, loss: 3.1395, lr: 0.00032277834642108395
2025-04-24 02:59:44 - train: epoch 232, iter:80, loss: 3.1410, lr: 0.00032277834642108395
2025-04-24 03:00:50 - val epoch: 232, loss: 0.1537
-> 整体准确率: 0.9936, 平均IoU: 0.8281, 平均Dice: 0.8929
-> 各类别指标:
类别cls0: Acc=0.997, Dice=0.9984, IoU=0.9968
类别cls1: Acc=0.9965, Dice=0.9627, IoU=0.9281
类别cls2: Acc=0.9938, Dice=0.7175, IoU=0.5594
混淆矩阵:
[[35495058     5480    92324]
 [    1032  1714235    72504]
 [   16239    53736   298128]]
2025-04-24 03:00:55 - train: epoch 233, iter:0, loss: 3.1243, lr: 0.0002942392506752888
2025-04-24 03:02:34 - train: epoch 233, iter:20, loss: 3.1349, lr: 0.0002942392506752888
2025-04-24 03:04:11 - train: epoch 233, iter:40, loss: 3.1411, lr: 0.0002942392506752888
2025-04-24 03:05:50 - train: epoch 233, iter:60, loss: 3.1382, lr: 0.0002942392506752888
2025-04-24 03:07:27 - train: epoch 233, iter:80, loss: 3.1391, lr: 0.0002942392506752888
2025-04-24 03:08:32 - val epoch: 233, loss: 0.1575
-> 整体准确率: 0.9933, 平均IoU: 0.8235, 平均Dice: 0.8893
-> 各类别指标:
类别cls0: Acc=0.9968, Dice=0.9983, IoU=0.9966
类别cls1: Acc=0.9964, Dice=0.9615, IoU=0.9259
类别cls2: Acc=0.9935, Dice=0.7081, IoU=0.5481
混淆矩阵:
[[35487053     4961   100848]
 [    1096  1710241    76434]
 [   14831    54350   298922]]
2025-04-24 03:08:38 - train: epoch 234, iter:0, loss: 3.1634, lr: 0.0002665319313196508
2025-04-24 03:10:16 - train: epoch 234, iter:20, loss: 3.1571, lr: 0.0002665319313196508
2025-04-24 03:11:54 - train: epoch 234, iter:40, loss: 3.1416, lr: 0.0002665319313196508
2025-04-24 03:13:33 - train: epoch 234, iter:60, loss: 3.1410, lr: 0.0002665319313196508
2025-04-24 03:15:14 - train: epoch 234, iter:80, loss: 3.1407, lr: 0.0002665319313196508
2025-04-24 03:16:19 - val epoch: 234, loss: 0.1540
-> 整体准确率: 0.9935, 平均IoU: 0.8271, 平均Dice: 0.8920
-> 各类别指标:
类别cls0: Acc=0.9969, Dice=0.9983, IoU=0.9967
类别cls1: Acc=0.9965, Dice=0.9627, IoU=0.928
类别cls2: Acc=0.9937, Dice=0.7151, IoU=0.5566
混淆矩阵:
[[35492072     4481    96309]
 [    1371  1711545    74855]
 [   15896    52070   300137]]
2025-04-24 03:16:25 - train: epoch 235, iter:0, loss: 3.2016, lr: 0.0002397657364853967
2025-04-24 03:18:04 - train: epoch 235, iter:20, loss: 3.1462, lr: 0.0002397657364853967
2025-04-24 03:19:42 - train: epoch 235, iter:40, loss: 3.1427, lr: 0.0002397657364853967
2025-04-24 03:21:20 - train: epoch 235, iter:60, loss: 3.1400, lr: 0.0002397657364853967
2025-04-24 03:23:00 - train: epoch 235, iter:80, loss: 3.1410, lr: 0.0002397657364853967
2025-04-24 03:24:03 - val epoch: 235, loss: 0.1550
-> 整体准确率: 0.9935, 平均IoU: 0.8258, 平均Dice: 0.8913
-> 各类别指标:
类别cls0: Acc=0.997, Dice=0.9984, IoU=0.9968
类别cls1: Acc=0.9963, Dice=0.961, IoU=0.9249
类别cls2: Acc=0.9936, Dice=0.7145, IoU=0.5558
混淆矩阵:
[[35500851     4390    87621]
 [    1394  1701709    84668]
 [   19984    47754   300365]]
2025-04-24 03:24:09 - train: epoch 236, iter:0, loss: 3.1800, lr: 0.00021404630011522595
2025-04-24 03:25:48 - train: epoch 236, iter:20, loss: 3.1417, lr: 0.00021404630011522595
2025-04-24 03:27:25 - train: epoch 236, iter:40, loss: 3.1418, lr: 0.00021404630011522595
2025-04-24 03:29:07 - train: epoch 236, iter:60, loss: 3.1388, lr: 0.00021404630011522595
2025-04-24 03:30:45 - train: epoch 236, iter:80, loss: 3.1382, lr: 0.00021404630011522595
2025-04-24 03:31:49 - val epoch: 236, loss: 0.1519
-> 整体准确率: 0.9936, 平均IoU: 0.8286, 平均Dice: 0.8934
-> 各类别指标:
类别cls0: Acc=0.997, Dice=0.9984, IoU=0.9968
类别cls1: Acc=0.9964, Dice=0.9615, IoU=0.9259
类别cls2: Acc=0.9937, Dice=0.7204, IoU=0.563
混淆矩阵:
[[35499640     4262    88960]
 [    1436  1700333    86002]
 [   17940    44406   305757]]
2025-04-24 03:31:55 - train: epoch 237, iter:0, loss: 3.1146, lr: 0.0001894751250743989
2025-04-24 03:33:34 - train: epoch 237, iter:20, loss: 3.1373, lr: 0.0001894751250743989
2025-04-24 03:35:13 - train: epoch 237, iter:40, loss: 3.1398, lr: 0.0001894751250743989
2025-04-24 03:36:55 - train: epoch 237, iter:60, loss: 3.1429, lr: 0.0001894751250743989
2025-04-24 03:38:33 - train: epoch 237, iter:80, loss: 3.1399, lr: 0.0001894751250743989
2025-04-24 03:39:37 - val epoch: 237, loss: 0.1509
-> 整体准确率: 0.9937, 平均IoU: 0.8299, 平均Dice: 0.8946
-> 各类别指标:
类别cls0: Acc=0.9971, Dice=0.9985, IoU=0.9969
类别cls1: Acc=0.9964, Dice=0.9616, IoU=0.926
类别cls2: Acc=0.9938, Dice=0.7236, IoU=0.5669
混淆矩阵:
[[35504224     4198    84440]
 [    1619  1699741    86411]
 [   19029    43520   305554]]
2025-04-24 03:39:43 - train: epoch 238, iter:0, loss: 3.0832, lr: 0.00016614918256529953
2025-04-24 03:41:23 - train: epoch 238, iter:20, loss: 3.1432, lr: 0.00016614918256529953
2025-04-24 03:43:04 - train: epoch 238, iter:40, loss: 3.1405, lr: 0.00016614918256529953
2025-04-24 03:44:43 - train: epoch 238, iter:60, loss: 3.1435, lr: 0.00016614918256529953
2025-04-24 03:46:22 - train: epoch 238, iter:80, loss: 3.1415, lr: 0.00016614918256529953
2025-04-24 03:47:27 - val epoch: 238, loss: 0.1537
-> 整体准确率: 0.9935, 平均IoU: 0.8270, 平均Dice: 0.8921
-> 各类别指标:
类别cls0: Acc=0.997, Dice=0.9984, IoU=0.9968
类别cls1: Acc=0.9964, Dice=0.9615, IoU=0.9259
类别cls2: Acc=0.9937, Dice=0.7165, IoU=0.5583
混淆矩阵:
[[35498822     4374    89666]
 [    1329  1703600    82842]
 [   18517    47786   301800]]
2025-04-24 03:47:32 - train: epoch 239, iter:0, loss: 3.1401, lr: 0.0001441605294264018
2025-04-24 03:49:11 - train: epoch 239, iter:20, loss: 3.1377, lr: 0.0001441605294264018
2025-04-24 03:50:51 - train: epoch 239, iter:40, loss: 3.1437, lr: 0.0001441605294264018
2025-04-24 03:52:31 - train: epoch 239, iter:60, loss: 3.1393, lr: 0.0001441605294264018
2025-04-24 03:54:10 - train: epoch 239, iter:80, loss: 3.1372, lr: 0.0001441605294264018
2025-04-24 03:55:13 - val epoch: 239, loss: 0.1542
-> 整体准确率: 0.9934, 平均IoU: 0.8266, 平均Dice: 0.8917
-> 各类别指标:
类别cls0: Acc=0.9968, Dice=0.9983, IoU=0.9967
类别cls1: Acc=0.9964, Dice=0.9621, IoU=0.927
类别cls2: Acc=0.9936, Dice=0.7148, IoU=0.5562
混淆矩阵:
[[35489353     4747    98762]
 [    1059  1708289    78423]
 [   14470    50343   303290]]
2025-04-24 03:55:19 - train: epoch 240, iter:0, loss: 3.1402, lr: 0.00012359594482598497
2025-04-24 03:56:58 - train: epoch 240, iter:20, loss: 3.1413, lr: 0.00012359594482598497
2025-04-24 03:58:37 - train: epoch 240, iter:40, loss: 3.1447, lr: 0.00012359594482598497
2025-04-24 04:00:15 - train: epoch 240, iter:60, loss: 3.1422, lr: 0.00012359594482598497
2025-04-24 04:01:53 - train: epoch 240, iter:80, loss: 3.1410, lr: 0.00012359594482598497
2025-04-24 04:02:56 - val epoch: 240, loss: 0.1523
-> 整体准确率: 0.9937, 平均IoU: 0.8288, 平均Dice: 0.8936
-> 各类别指标:
类别cls0: Acc=0.9971, Dice=0.9985, IoU=0.9969
类别cls1: Acc=0.9964, Dice=0.9616, IoU=0.926
类别cls2: Acc=0.9938, Dice=0.7208, IoU=0.5635
混淆矩阵:
[[35505669     4301    82892]
 [    1494  1701920    84357]
 [   20588    45865   301650]]
2025-04-24 04:03:01 - train: epoch 241, iter:0, loss: 3.1460, lr: 0.00010453658778440172
2025-04-24 04:04:40 - train: epoch 241, iter:20, loss: 3.1378, lr: 0.00010453658778440172
2025-04-24 04:06:19 - train: epoch 241, iter:40, loss: 3.1414, lr: 0.00010453658778440172
2025-04-24 04:07:56 - train: epoch 241, iter:60, loss: 3.1380, lr: 0.00010453658778440172
2025-04-24 04:09:36 - train: epoch 241, iter:80, loss: 3.1391, lr: 0.00010453658778440172
2025-04-24 04:10:40 - val epoch: 241, loss: 0.1523
-> 整体准确率: 0.9936, 平均IoU: 0.8288, 平均Dice: 0.8935
-> 各类别指标:
类别cls0: Acc=0.997, Dice=0.9984, IoU=0.9969
类别cls1: Acc=0.9964, Dice=0.962, IoU=0.9268
类别cls2: Acc=0.9938, Dice=0.7202, IoU=0.5628
混淆矩阵:
[[35501407     4405    87050]
 [    1373  1705010    81388]
 [   18681    47474   301948]]
2025-04-24 04:10:46 - train: epoch 242, iter:0, loss: 3.1870, lr: 8.705767687650232e-05
2025-04-24 04:12:26 - train: epoch 242, iter:20, loss: 3.1346, lr: 8.705767687650232e-05
2025-04-24 04:14:04 - train: epoch 242, iter:40, loss: 3.1356, lr: 8.705767687650232e-05
2025-04-24 04:15:41 - train: epoch 242, iter:60, loss: 3.1396, lr: 8.705767687650232e-05
2025-04-24 04:17:21 - train: epoch 242, iter:80, loss: 3.1381, lr: 8.705767687650232e-05
2025-04-24 04:18:25 - val epoch: 242, loss: 0.1538
-> 整体准确率: 0.9936, 平均IoU: 0.8273, 平均Dice: 0.8923
-> 各类别指标:
类别cls0: Acc=0.997, Dice=0.9984, IoU=0.9968
类别cls1: Acc=0.9964, Dice=0.9619, IoU=0.9267
类别cls2: Acc=0.9937, Dice=0.7166, IoU=0.5584
混淆矩阵:
[[35499293     4652    88917]
 [    1274  1707586    78911]
 [   18608    50254   299241]]
2025-04-24 04:18:30 - train: epoch 243, iter:0, loss: 3.1629, lr: 7.122819337828741e-05
2025-04-24 04:20:09 - train: epoch 243, iter:20, loss: 3.1399, lr: 7.122819337828741e-05
2025-04-24 04:21:48 - train: epoch 243, iter:40, loss: 3.1375, lr: 7.122819337828741e-05
2025-04-24 04:23:26 - train: epoch 243, iter:60, loss: 3.1354, lr: 7.122819337828741e-05
2025-04-24 04:25:03 - train: epoch 243, iter:80, loss: 3.1372, lr: 7.122819337828741e-05
2025-04-24 04:26:08 - val epoch: 243, loss: 0.1525
-> 整体准确率: 0.9936, 平均IoU: 0.8285, 平均Dice: 0.8933
-> 各类别指标:
类别cls0: Acc=0.9971, Dice=0.9984, IoU=0.9969
类别cls1: Acc=0.9964, Dice=0.9615, IoU=0.9259
类别cls2: Acc=0.9938, Dice=0.7201, IoU=0.5626
混淆矩阵:
[[35504185     4183    84494]
 [    1517  1701315    84939]
 [   20088    45586   302429]]
2025-04-24 04:26:14 - train: epoch 244, iter:0, loss: 3.1496, lr: 5.711060902932031e-05
2025-04-24 04:27:53 - train: epoch 244, iter:20, loss: 3.1465, lr: 5.711060902932031e-05
2025-04-24 04:29:28 - train: epoch 244, iter:40, loss: 3.1362, lr: 5.711060902932031e-05
2025-04-24 04:31:08 - train: epoch 244, iter:60, loss: 3.1382, lr: 5.711060902932031e-05
2025-04-24 04:32:45 - train: epoch 244, iter:80, loss: 3.1367, lr: 5.711060902932031e-05
2025-04-24 04:33:48 - val epoch: 244, loss: 0.1517
-> 整体准确率: 0.9936, 平均IoU: 0.8287, 平均Dice: 0.8935
-> 各类别指标:
类别cls0: Acc=0.997, Dice=0.9984, IoU=0.9968
类别cls1: Acc=0.9964, Dice=0.9616, IoU=0.9261
类别cls2: Acc=0.9937, Dice=0.7206, IoU=0.5632
混淆矩阵:
[[35499446     4180    89236]
 [    1449  1701428    84894]
 [   17509    45205   305389]]
2025-04-24 04:33:53 - train: epoch 245, iter:0, loss: 3.0981, lr: 4.4760639485315584e-05
2025-04-24 04:35:32 - train: epoch 245, iter:20, loss: 3.1437, lr: 4.4760639485315584e-05
2025-04-24 04:37:10 - train: epoch 245, iter:40, loss: 3.1402, lr: 4.4760639485315584e-05
2025-04-24 04:38:48 - train: epoch 245, iter:60, loss: 3.1395, lr: 4.4760639485315584e-05
2025-04-24 04:40:29 - train: epoch 245, iter:80, loss: 3.1374, lr: 4.4760639485315584e-05
2025-04-24 04:41:33 - val epoch: 245, loss: 0.1527
-> 整体准确率: 0.9936, 平均IoU: 0.8280, 平均Dice: 0.8929
-> 各类别指标:
类别cls0: Acc=0.997, Dice=0.9984, IoU=0.9968
类别cls1: Acc=0.9964, Dice=0.9619, IoU=0.9266
类别cls2: Acc=0.9937, Dice=0.7184, IoU=0.5606
混淆矩阵:
[[35498365     4404    90093]
 [    1417  1705262    81092]
 [   17698    48077   302328]]
2025-04-24 04:41:38 - train: epoch 246, iter:0, loss: 3.0948, lr: 3.422702443389906e-05
2025-04-24 04:43:18 - train: epoch 246, iter:20, loss: 3.1385, lr: 3.422702443389906e-05
2025-04-24 04:44:55 - train: epoch 246, iter:40, loss: 3.1333, lr: 3.422702443389906e-05
2025-04-24 04:46:34 - train: epoch 246, iter:60, loss: 3.1358, lr: 3.422702443389906e-05
2025-04-24 04:48:13 - train: epoch 246, iter:80, loss: 3.1349, lr: 3.422702443389906e-05
2025-04-24 04:49:17 - val epoch: 246, loss: 0.1521
-> 整体准确率: 0.9936, 平均IoU: 0.8286, 平均Dice: 0.8934
-> 各类别指标:
类别cls0: Acc=0.997, Dice=0.9984, IoU=0.9968
类别cls1: Acc=0.9964, Dice=0.9622, IoU=0.9271
类别cls2: Acc=0.9938, Dice=0.7195, IoU=0.5619
混淆矩阵:
[[35498178     4362    90322]
 [    1386  1706351    80034]
 [   17229    48332   302542]]
2025-04-24 04:49:23 - train: epoch 247, iter:0, loss: 3.1747, lr: 2.5551335241327733e-05
2025-04-24 04:51:01 - train: epoch 247, iter:20, loss: 3.1363, lr: 2.5551335241327733e-05
2025-04-24 04:52:39 - train: epoch 247, iter:40, loss: 3.1338, lr: 2.5551335241327733e-05
2025-04-24 04:54:18 - train: epoch 247, iter:60, loss: 3.1339, lr: 2.5551335241327733e-05
2025-04-24 04:55:59 - train: epoch 247, iter:80, loss: 3.1367, lr: 2.5551335241327733e-05
2025-04-24 04:57:03 - val epoch: 247, loss: 0.1526
-> 整体准确率: 0.9936, 平均IoU: 0.8282, 平均Dice: 0.8931
-> 各类别指标:
类别cls0: Acc=0.997, Dice=0.9984, IoU=0.9968
类别cls1: Acc=0.9964, Dice=0.9619, IoU=0.9266
类别cls2: Acc=0.9937, Dice=0.7189, IoU=0.5612
混淆矩阵:
[[35499018     4422    89422]
 [    1370  1704957    81444]
 [   17756    47902   302445]]
2025-04-24 04:57:09 - train: epoch 248, iter:0, loss: 3.1636, lr: 1.8767810889299255e-05
2025-04-24 04:58:48 - train: epoch 248, iter:20, loss: 3.1360, lr: 1.8767810889299255e-05
2025-04-24 05:00:28 - train: epoch 248, iter:40, loss: 3.1398, lr: 1.8767810889299255e-05
2025-04-24 05:02:09 - train: epoch 248, iter:60, loss: 3.1385, lr: 1.8767810889299255e-05
2025-04-24 05:03:49 - train: epoch 248, iter:80, loss: 3.1386, lr: 1.8767810889299255e-05
2025-04-24 05:04:53 - val epoch: 248, loss: 0.1515
-> 整体准确率: 0.9936, 平均IoU: 0.8291, 平均Dice: 0.8938
-> 各类别指标:
类别cls0: Acc=0.997, Dice=0.9984, IoU=0.9968
类别cls1: Acc=0.9965, Dice=0.9622, IoU=0.9272
类别cls2: Acc=0.9938, Dice=0.7208, IoU=0.5634
混淆矩阵:
[[35498447     4386    90029]
 [    1369  1705555    80847]
 [   17171    47256   303676]]
2025-04-24 05:04:59 - train: epoch 249, iter:0, loss: 3.0977, lr: 1.3903222849333564e-05
2025-04-24 05:06:38 - train: epoch 249, iter:20, loss: 3.1283, lr: 1.3903222849333564e-05
2025-04-24 05:08:17 - train: epoch 249, iter:40, loss: 3.1332, lr: 1.3903222849333564e-05
2025-04-24 05:09:57 - train: epoch 249, iter:60, loss: 3.1329, lr: 1.3903222849333564e-05
2025-04-24 05:11:38 - train: epoch 249, iter:80, loss: 3.1373, lr: 1.3903222849333564e-05
2025-04-24 05:12:42 - val epoch: 249, loss: 0.1531
-> 整体准确率: 0.9935, 平均IoU: 0.8275, 平均Dice: 0.8925
-> 各类别指标:
类别cls0: Acc=0.997, Dice=0.9984, IoU=0.9968
类别cls1: Acc=0.9964, Dice=0.9616, IoU=0.9261
类别cls2: Acc=0.9937, Dice=0.7175, IoU=0.5595
混淆矩阵:
[[35498668     4341    89853]
 [    1394  1703660    82717]
 [   18040    47551   302512]]
2025-04-24 05:12:47 - train: epoch 250, iter:0, loss: 3.1691, lr: 1.0976769428005635e-05
2025-04-24 05:14:27 - train: epoch 250, iter:20, loss: 3.1354, lr: 1.0976769428005635e-05
2025-04-24 05:16:06 - train: epoch 250, iter:40, loss: 3.1388, lr: 1.0976769428005635e-05
2025-04-24 05:17:43 - train: epoch 250, iter:60, loss: 3.1347, lr: 1.0976769428005635e-05
2025-04-24 05:19:23 - train: epoch 250, iter:80, loss: 3.1349, lr: 1.0976769428005635e-05
2025-04-24 05:20:27 - val epoch: 250, loss: 0.1526
-> 整体准确率: 0.9936, 平均IoU: 0.8281, 平均Dice: 0.8930
-> 各类别指标:
类别cls0: Acc=0.997, Dice=0.9984, IoU=0.9968
类别cls1: Acc=0.9964, Dice=0.9619, IoU=0.9266
类别cls2: Acc=0.9937, Dice=0.7187, IoU=0.561
混淆矩阵:
[[35498918     4408    89536]
 [    1379  1705024    81368]
 [   17841    47903   302359]]
2025-04-24 05:20:33 - train: epoch 251, iter:0, loss: 3.2031, lr: 1e-05
2025-04-24 05:22:13 - train: epoch 251, iter:20, loss: 3.1407, lr: 1e-05
2025-04-24 05:23:51 - train: epoch 251, iter:40, loss: 3.1382, lr: 1e-05
2025-04-24 05:25:28 - train: epoch 251, iter:60, loss: 3.1374, lr: 1e-05
2025-04-24 05:27:07 - train: epoch 251, iter:80, loss: 3.1373, lr: 1e-05
2025-04-24 05:28:11 - val epoch: 251, loss: 0.1526
-> 整体准确率: 0.9936, 平均IoU: 0.8281, 平均Dice: 0.8930
-> 各类别指标:
类别cls0: Acc=0.997, Dice=0.9984, IoU=0.9968
类别cls1: Acc=0.9964, Dice=0.9617, IoU=0.9262
类别cls2: Acc=0.9937, Dice=0.719, IoU=0.5613
混淆矩阵:
[[35500475     4309    88078]
 [    1427  1703162    83182]
 [   18521    46856   302726]]
2025-04-24 05:28:17 - train: epoch 252, iter:0, loss: 3.1686, lr: 1.0976769428005579e-05
2025-04-24 05:29:56 - train: epoch 252, iter:20, loss: 3.1358, lr: 1.0976769428005579e-05
2025-04-24 05:31:35 - train: epoch 252, iter:40, loss: 3.1323, lr: 1.0976769428005579e-05
2025-04-24 05:33:14 - train: epoch 252, iter:60, loss: 3.1338, lr: 1.0976769428005579e-05
2025-04-24 05:34:54 - train: epoch 252, iter:80, loss: 3.1367, lr: 1.0976769428005579e-05
2025-04-24 05:35:58 - val epoch: 252, loss: 0.1529
-> 整体准确率: 0.9936, 平均IoU: 0.8277, 平均Dice: 0.8927
-> 各类别指标:
类别cls0: Acc=0.997, Dice=0.9984, IoU=0.9968
类别cls1: Acc=0.9964, Dice=0.9616, IoU=0.9261
类别cls2: Acc=0.9937, Dice=0.7181, IoU=0.5602
混淆矩阵:
[[35499339     4349    89174]
 [    1400  1703571    82800]
 [   18186    47372   302545]]
2025-04-24 05:36:04 - train: epoch 253, iter:0, loss: 3.1622, lr: 1.3903222849333505e-05
2025-04-24 05:37:42 - train: epoch 253, iter:20, loss: 3.1326, lr: 1.3903222849333505e-05
2025-04-24 05:39:23 - train: epoch 253, iter:40, loss: 3.1353, lr: 1.3903222849333505e-05
2025-04-24 05:41:04 - train: epoch 253, iter:60, loss: 3.1356, lr: 1.3903222849333505e-05
2025-04-24 05:42:42 - train: epoch 253, iter:80, loss: 3.1367, lr: 1.3903222849333505e-05
2025-04-24 05:43:48 - val epoch: 253, loss: 0.1517
-> 整体准确率: 0.9936, 平均IoU: 0.8291, 平均Dice: 0.8938
-> 各类别指标:
类别cls0: Acc=0.997, Dice=0.9984, IoU=0.9969
类别cls1: Acc=0.9964, Dice=0.9621, IoU=0.9269
类别cls2: Acc=0.9938, Dice=0.7209, IoU=0.5636
混淆矩阵:
[[35500243     4329    88290]
 [    1390  1704513    81868]
 [   17860    46885   303358]]
2025-04-24 05:43:54 - train: epoch 254, iter:0, loss: 3.2005, lr: 1.8767810889299133e-05
2025-04-24 05:45:32 - train: epoch 254, iter:20, loss: 3.1457, lr: 1.8767810889299133e-05
2025-04-24 05:47:12 - train: epoch 254, iter:40, loss: 3.1349, lr: 1.8767810889299133e-05
2025-04-24 05:48:50 - train: epoch 254, iter:60, loss: 3.1358, lr: 1.8767810889299133e-05
2025-04-24 05:50:28 - train: epoch 254, iter:80, loss: 3.1376, lr: 1.8767810889299133e-05
2025-04-24 05:51:31 - val epoch: 254, loss: 0.1533
-> 整体准确率: 0.9935, 平均IoU: 0.8273, 平均Dice: 0.8924
-> 各类别指标:
类别cls0: Acc=0.997, Dice=0.9984, IoU=0.9968
类别cls1: Acc=0.9964, Dice=0.9615, IoU=0.9258
类别cls2: Acc=0.9937, Dice=0.7173, IoU=0.5592
混淆矩阵:
[[35498775     4344    89743]
 [    1388  1703219    83164]
 [   18080    47517   302506]]
2025-04-24 05:51:37 - train: epoch 255, iter:0, loss: 3.1666, lr: 2.555133524132755e-05
2025-04-24 05:53:15 - train: epoch 255, iter:20, loss: 3.1423, lr: 2.555133524132755e-05
2025-04-24 05:54:54 - train: epoch 255, iter:40, loss: 3.1457, lr: 2.555133524132755e-05
2025-04-24 05:56:31 - train: epoch 255, iter:60, loss: 3.1424, lr: 2.555133524132755e-05
2025-04-24 05:58:12 - train: epoch 255, iter:80, loss: 3.1384, lr: 2.555133524132755e-05
2025-04-24 05:59:17 - val epoch: 255, loss: 0.1518
-> 整体准确率: 0.9936, 平均IoU: 0.8288, 平均Dice: 0.8935
-> 各类别指标:
类别cls0: Acc=0.997, Dice=0.9984, IoU=0.9968
类别cls1: Acc=0.9964, Dice=0.962, IoU=0.9268
类别cls2: Acc=0.9937, Dice=0.7202, IoU=0.5627
混淆矩阵:
[[35498862     4341    89659]
 [    1351  1704194    82226]
 [   17457    46778   303868]]
2025-04-24 05:59:23 - train: epoch 256, iter:0, loss: 3.1141, lr: 3.422702443389915e-05
2025-04-24 06:01:04 - train: epoch 256, iter:20, loss: 3.1346, lr: 3.422702443389915e-05
2025-04-24 06:02:44 - train: epoch 256, iter:40, loss: 3.1397, lr: 3.422702443389915e-05
2025-04-24 06:04:25 - train: epoch 256, iter:60, loss: 3.1385, lr: 3.422702443389915e-05
2025-04-24 06:06:07 - train: epoch 256, iter:80, loss: 3.1384, lr: 3.422702443389915e-05
2025-04-24 06:07:10 - val epoch: 256, loss: 0.1527
-> 整体准确率: 0.9935, 平均IoU: 0.8278, 平均Dice: 0.8927
-> 各类别指标:
类别cls0: Acc=0.997, Dice=0.9984, IoU=0.9968
类别cls1: Acc=0.9964, Dice=0.9619, IoU=0.9266
类别cls2: Acc=0.9937, Dice=0.7178, IoU=0.5599
混淆矩阵:
[[35496030     4425    92407]
 [    1323  1705370    81078]
 [   16693    48199   303211]]
2025-04-24 06:07:16 - train: epoch 257, iter:0, loss: 3.1327, lr: 4.4760639485315665e-05
2025-04-24 06:08:56 - train: epoch 257, iter:20, loss: 3.1360, lr: 4.4760639485315665e-05
2025-04-24 06:10:34 - train: epoch 257, iter:40, loss: 3.1387, lr: 4.4760639485315665e-05
2025-04-24 06:12:14 - train: epoch 257, iter:60, loss: 3.1364, lr: 4.4760639485315665e-05
2025-04-24 06:13:56 - train: epoch 257, iter:80, loss: 3.1386, lr: 4.4760639485315665e-05
2025-04-24 06:15:00 - val epoch: 257, loss: 0.1527
-> 整体准确率: 0.9936, 平均IoU: 0.8281, 平均Dice: 0.8930
-> 各类别指标:
类别cls0: Acc=0.997, Dice=0.9984, IoU=0.9968
类别cls1: Acc=0.9964, Dice=0.962, IoU=0.9268
类别cls2: Acc=0.9937, Dice=0.7185, IoU=0.5607
混淆矩阵:
[[35496755     4431    91676]
 [    1302  1705344    81125]
 [   16971    47831   303301]]
2025-04-24 06:15:06 - train: epoch 258, iter:0, loss: 3.1146, lr: 5.7110609029320384e-05
2025-04-24 06:16:46 - train: epoch 258, iter:20, loss: 3.1405, lr: 5.7110609029320384e-05
2025-04-24 06:18:26 - train: epoch 258, iter:40, loss: 3.1405, lr: 5.7110609029320384e-05
2025-04-24 06:20:06 - train: epoch 258, iter:60, loss: 3.1397, lr: 5.7110609029320384e-05
2025-04-24 06:21:46 - train: epoch 258, iter:80, loss: 3.1389, lr: 5.7110609029320384e-05
2025-04-24 06:22:50 - val epoch: 258, loss: 0.1518
-> 整体准确率: 0.9936, 平均IoU: 0.8290, 平均Dice: 0.8936
-> 各类别指标:
类别cls0: Acc=0.997, Dice=0.9984, IoU=0.9968
类别cls1: Acc=0.9965, Dice=0.9625, IoU=0.9278
类别cls2: Acc=0.9938, Dice=0.7199, IoU=0.5623
混淆矩阵:
[[35496262     4395    92205]
 [    1322  1707942    78507]
 [   16388    48729   302986]]
2025-04-24 06:22:56 - train: epoch 259, iter:0, loss: 3.0949, lr: 7.122819337828748e-05
2025-04-24 06:24:36 - train: epoch 259, iter:20, loss: 3.1387, lr: 7.122819337828748e-05
2025-04-24 06:26:14 - train: epoch 259, iter:40, loss: 3.1344, lr: 7.122819337828748e-05
2025-04-24 06:27:53 - train: epoch 259, iter:60, loss: 3.1347, lr: 7.122819337828748e-05
2025-04-24 06:29:32 - train: epoch 259, iter:80, loss: 3.1359, lr: 7.122819337828748e-05
2025-04-24 06:30:35 - val epoch: 259, loss: 0.1562
-> 整体准确率: 0.9934, 平均IoU: 0.8244, 平均Dice: 0.8901
-> 各类别指标:
类别cls0: Acc=0.9969, Dice=0.9983, IoU=0.9967
类别cls1: Acc=0.9963, Dice=0.9611, IoU=0.9251
类别cls2: Acc=0.9935, Dice=0.7108, IoU=0.5514
混淆矩阵:
[[35493128     4498    95236]
 [    1324  1704681    81766]
 [   17042    50508   300553]]
2025-04-24 06:30:41 - train: epoch 260, iter:0, loss: 3.1285, lr: 8.705767687650243e-05
2025-04-24 06:32:19 - train: epoch 260, iter:20, loss: 3.1462, lr: 8.705767687650243e-05
2025-04-24 06:33:57 - train: epoch 260, iter:40, loss: 3.1404, lr: 8.705767687650243e-05
2025-04-24 06:35:36 - train: epoch 260, iter:60, loss: 3.1375, lr: 8.705767687650243e-05
2025-04-24 06:37:17 - train: epoch 260, iter:80, loss: 3.1387, lr: 8.705767687650243e-05
2025-04-24 06:38:22 - val epoch: 260, loss: 0.1520
-> 整体准确率: 0.9936, 平均IoU: 0.8285, 平均Dice: 0.8933
-> 各类别指标:
类别cls0: Acc=0.997, Dice=0.9984, IoU=0.9968
类别cls1: Acc=0.9964, Dice=0.962, IoU=0.9267
类别cls2: Acc=0.9937, Dice=0.7196, IoU=0.562
混淆矩阵:
[[35498999     4287    89576]
 [    1376  1704530    81865]
 [   17659    47208   303236]]
2025-04-24 06:38:28 - train: epoch 261, iter:0, loss: 3.1270, lr: 0.00010453658778440077
2025-04-24 06:40:07 - train: epoch 261, iter:20, loss: 3.1259, lr: 0.00010453658778440077
2025-04-24 06:41:46 - train: epoch 261, iter:40, loss: 3.1352, lr: 0.00010453658778440077
2025-04-24 06:43:25 - train: epoch 261, iter:60, loss: 3.1367, lr: 0.00010453658778440077
2025-04-24 06:45:05 - train: epoch 261, iter:80, loss: 3.1366, lr: 0.00010453658778440077
2025-04-24 06:46:11 - val epoch: 261, loss: 0.1526
-> 整体准确率: 0.9936, 平均IoU: 0.8282, 平均Dice: 0.8930
-> 各类别指标:
类别cls0: Acc=0.9969, Dice=0.9984, IoU=0.9968
类别cls1: Acc=0.9965, Dice=0.9624, IoU=0.9275
类别cls2: Acc=0.9937, Dice=0.7182, IoU=0.5603
混淆矩阵:
[[35495341     4502    93019]
 [    1392  1708168    78211]
 [   16502    49418   302183]]
2025-04-24 06:46:16 - train: epoch 262, iter:0, loss: 3.1314, lr: 0.00012359594482598391
2025-04-24 06:47:54 - train: epoch 262, iter:20, loss: 3.1280, lr: 0.00012359594482598391
2025-04-24 06:49:33 - train: epoch 262, iter:40, loss: 3.1355, lr: 0.00012359594482598391
2025-04-24 06:51:12 - train: epoch 262, iter:60, loss: 3.1357, lr: 0.00012359594482598391
2025-04-24 06:52:50 - train: epoch 262, iter:80, loss: 3.1361, lr: 0.00012359594482598391
2025-04-24 06:53:55 - val epoch: 262, loss: 0.1544
-> 整体准确率: 0.9934, 平均IoU: 0.8260, 平均Dice: 0.8914
-> 各类别指标:
类别cls0: Acc=0.9969, Dice=0.9983, IoU=0.9967
类别cls1: Acc=0.9964, Dice=0.9614, IoU=0.9256
类别cls2: Acc=0.9936, Dice=0.7145, IoU=0.5558
混淆矩阵:
[[35490991     4699    97172]
 [    1102  1704286    82383]
 [   14921    48815   304367]]
2025-04-24 06:54:00 - train: epoch 263, iter:0, loss: 3.1197, lr: 0.00014416052942640075
2025-04-24 06:55:40 - train: epoch 263, iter:20, loss: 3.1414, lr: 0.00014416052942640075
2025-04-24 06:57:18 - train: epoch 263, iter:40, loss: 3.1394, lr: 0.00014416052942640075
2025-04-24 06:58:57 - train: epoch 263, iter:60, loss: 3.1408, lr: 0.00014416052942640075
2025-04-24 07:00:37 - train: epoch 263, iter:80, loss: 3.1381, lr: 0.00014416052942640075
2025-04-24 07:01:41 - val epoch: 263, loss: 0.1538
-> 整体准确率: 0.9935, 平均IoU: 0.8270, 平均Dice: 0.8921
-> 各类别指标:
类别cls0: Acc=0.9969, Dice=0.9984, IoU=0.9967
类别cls1: Acc=0.9964, Dice=0.9619, IoU=0.9267
类别cls2: Acc=0.9936, Dice=0.7159, IoU=0.5575
混淆矩阵:
[[35495025     4285    93552]
 [    1436  1706328    80007]
 [   16818    49330   301955]]
2025-04-24 07:01:46 - train: epoch 264, iter:0, loss: 3.1351, lr: 0.00016614918256529967
2025-04-24 07:03:26 - train: epoch 264, iter:20, loss: 3.1349, lr: 0.00016614918256529967
2025-04-24 07:05:04 - train: epoch 264, iter:40, loss: 3.1351, lr: 0.00016614918256529967
2025-04-24 07:06:45 - train: epoch 264, iter:60, loss: 3.1377, lr: 0.00016614918256529967
2025-04-24 07:08:24 - train: epoch 264, iter:80, loss: 3.1368, lr: 0.00016614918256529967
2025-04-24 07:09:27 - val epoch: 264, loss: 0.1552
-> 整体准确率: 0.9934, 平均IoU: 0.8252, 平均Dice: 0.8906
-> 各类别指标:
类别cls0: Acc=0.9968, Dice=0.9983, IoU=0.9966
类别cls1: Acc=0.9964, Dice=0.9619, IoU=0.9267
类别cls2: Acc=0.9935, Dice=0.7115, IoU=0.5522
混淆矩阵:
[[35488209     4654    99999]
 [    1111  1709349    77311]
 [   14706    52206   301191]]
2025-04-24 07:09:32 - train: epoch 265, iter:0, loss: 3.1598, lr: 0.00018947512507439904
2025-04-24 07:11:11 - train: epoch 265, iter:20, loss: 3.1408, lr: 0.00018947512507439904
2025-04-24 07:12:51 - train: epoch 265, iter:40, loss: 3.1391, lr: 0.00018947512507439904
2025-04-24 07:14:29 - train: epoch 265, iter:60, loss: 3.1368, lr: 0.00018947512507439904
2025-04-24 07:16:09 - train: epoch 265, iter:80, loss: 3.1369, lr: 0.00018947512507439904
2025-04-24 07:17:14 - val epoch: 265, loss: 0.1541
-> 整体准确率: 0.9934, 平均IoU: 0.8262, 平均Dice: 0.8914
-> 各类别指标:
类别cls0: Acc=0.9968, Dice=0.9983, IoU=0.9966
类别cls1: Acc=0.9964, Dice=0.9623, IoU=0.9273
类别cls2: Acc=0.9936, Dice=0.7136, IoU=0.5547
混淆矩阵:
[[35486819     4872   101171]
 [     978  1710096    76697]
 [   13760    51493   302850]]
2025-04-24 07:17:20 - train: epoch 266, iter:0, loss: 3.0816, lr: 0.00021404630011522606
2025-04-24 07:19:00 - train: epoch 266, iter:20, loss: 3.1351, lr: 0.00021404630011522606
2025-04-24 07:20:40 - train: epoch 266, iter:40, loss: 3.1368, lr: 0.00021404630011522606
2025-04-24 07:22:18 - train: epoch 266, iter:60, loss: 3.1345, lr: 0.00021404630011522606
2025-04-24 07:24:00 - train: epoch 266, iter:80, loss: 3.1383, lr: 0.00021404630011522606
2025-04-24 07:25:06 - val epoch: 266, loss: 0.1516
-> 整体准确率: 0.9936, 平均IoU: 0.8287, 平均Dice: 0.8935
-> 各类别指标:
类别cls0: Acc=0.997, Dice=0.9984, IoU=0.9968
类别cls1: Acc=0.9964, Dice=0.9616, IoU=0.926
类别cls2: Acc=0.9937, Dice=0.7206, IoU=0.5632
混淆矩阵:
[[35498759     4122    89981]
 [    1392  1700575    85804]
 [   17182    44605   306316]]
2025-04-24 07:25:11 - train: epoch 267, iter:0, loss: 3.1280, lr: 0.00023976573648539678
2025-04-24 07:26:51 - train: epoch 267, iter:20, loss: 3.1344, lr: 0.00023976573648539678
2025-04-24 07:28:30 - train: epoch 267, iter:40, loss: 3.1366, lr: 0.00023976573648539678
2025-04-24 07:30:09 - train: epoch 267, iter:60, loss: 3.1379, lr: 0.00023976573648539678
2025-04-24 07:31:50 - train: epoch 267, iter:80, loss: 3.1365, lr: 0.00023976573648539678
2025-04-24 07:32:54 - val epoch: 267, loss: 0.1544
-> 整体准确率: 0.9934, 平均IoU: 0.8261, 平均Dice: 0.8915
-> 各类别指标:
类别cls0: Acc=0.997, Dice=0.9984, IoU=0.9968
类别cls1: Acc=0.9963, Dice=0.9606, IoU=0.9242
类别cls2: Acc=0.9936, Dice=0.7156, IoU=0.5572
混淆矩阵:
[[35498715     4224    89923]
 [    1399  1697127    89245]
 [   18860    44314   304929]]
2025-04-24 07:33:00 - train: epoch 268, iter:0, loss: 3.1622, lr: 0.0002665319313196509
2025-04-24 07:34:38 - train: epoch 268, iter:20, loss: 3.1292, lr: 0.0002665319313196509
2025-04-24 07:36:19 - train: epoch 268, iter:40, loss: 3.1354, lr: 0.0002665319313196509
2025-04-24 07:37:58 - train: epoch 268, iter:60, loss: 3.1387, lr: 0.0002665319313196509
2025-04-24 07:39:37 - train: epoch 268, iter:80, loss: 3.1363, lr: 0.0002665319313196509
2025-04-24 07:40:40 - val epoch: 268, loss: 0.1514
-> 整体准确率: 0.9937, 平均IoU: 0.8294, 平均Dice: 0.8942
-> 各类别指标:
类别cls0: Acc=0.9971, Dice=0.9985, IoU=0.997
类别cls1: Acc=0.9964, Dice=0.9611, IoU=0.9251
类别cls2: Acc=0.9938, Dice=0.7231, IoU=0.5662
混淆矩阵:
[[35507642     3963    81257]
 [    1776  1696778    89217]
 [   20679    42460   304964]]
2025-04-24 07:40:45 - train: epoch 269, iter:0, loss: 3.2053, lr: 0.0002942392506752888
2025-04-24 07:42:25 - train: epoch 269, iter:20, loss: 3.1512, lr: 0.0002942392506752888
2025-04-24 07:44:04 - train: epoch 269, iter:40, loss: 3.1471, lr: 0.0002942392506752888
2025-04-24 07:45:44 - train: epoch 269, iter:60, loss: 3.1412, lr: 0.0002942392506752888
2025-04-24 07:47:24 - train: epoch 269, iter:80, loss: 3.1414, lr: 0.0002942392506752888
2025-04-24 07:48:28 - val epoch: 269, loss: 0.1524
-> 整体准确率: 0.9934, 平均IoU: 0.8273, 平均Dice: 0.8923
-> 各类别指标:
类别cls0: Acc=0.9968, Dice=0.9983, IoU=0.9966
类别cls1: Acc=0.9964, Dice=0.962, IoU=0.9268
类别cls2: Acc=0.9935, Dice=0.7167, IoU=0.5585
混淆矩阵:
[[35487930     4165   100767]
 [    1223  1703879    82669]
 [   13597    46468   308038]]
2025-04-24 07:48:34 - train: epoch 270, iter:0, loss: 3.1918, lr: 0.000322778346421084
2025-04-24 07:50:14 - train: epoch 270, iter:20, loss: 3.1392, lr: 0.000322778346421084
2025-04-24 07:51:53 - train: epoch 270, iter:40, loss: 3.1408, lr: 0.000322778346421084
2025-04-24 07:53:32 - train: epoch 270, iter:60, loss: 3.1409, lr: 0.000322778346421084
2025-04-24 07:55:12 - train: epoch 270, iter:80, loss: 3.1422, lr: 0.000322778346421084
2025-04-24 07:56:16 - val epoch: 270, loss: 0.1586
-> 整体准确率: 0.9933, 平均IoU: 0.8228, 平均Dice: 0.8884
-> 各类别指标:
类别cls0: Acc=0.9966, Dice=0.9982, IoU=0.9964
类别cls1: Acc=0.9965, Dice=0.9632, IoU=0.9289
类别cls2: Acc=0.9935, Dice=0.7039, IoU=0.5431
混淆矩阵:
[[35477519     5452   109891]
 [     801  1723881    63089]
 [   11702    62537   293864]]
2025-04-24 07:56:22 - train: epoch 271, iter:0, loss: 3.1947, lr: 0.00035203658778440043
2025-04-24 07:58:01 - train: epoch 271, iter:20, loss: 3.1415, lr: 0.00035203658778440043
2025-04-24 07:59:41 - train: epoch 271, iter:40, loss: 3.1481, lr: 0.00035203658778440043
2025-04-24 08:01:22 - train: epoch 271, iter:60, loss: 3.1473, lr: 0.00035203658778440043
2025-04-24 08:03:02 - train: epoch 271, iter:80, loss: 3.1447, lr: 0.00035203658778440043
2025-04-24 08:04:05 - val epoch: 271, loss: 0.1576
-> 整体准确率: 0.9932, 平均IoU: 0.8221, 平均Dice: 0.8885
-> 各类别指标:
类别cls0: Acc=0.9968, Dice=0.9983, IoU=0.9966
类别cls1: Acc=0.9962, Dice=0.9594, IoU=0.922
类别cls2: Acc=0.9933, Dice=0.7077, IoU=0.5476
混淆矩阵:
[[35491583     4300    96979]
 [    1076  1693787    92908]
 [   17580    44948   305575]]
2025-04-24 08:04:11 - train: epoch 272, iter:0, loss: 3.1801, lr: 0.0003818985058533961
2025-04-24 08:05:49 - train: epoch 272, iter:20, loss: 3.1378, lr: 0.0003818985058533961
2025-04-24 08:07:30 - train: epoch 272, iter:40, loss: 3.1407, lr: 0.0003818985058533961
2025-04-24 08:09:08 - train: epoch 272, iter:60, loss: 3.1405, lr: 0.0003818985058533961
2025-04-24 08:10:47 - train: epoch 272, iter:80, loss: 3.1398, lr: 0.0003818985058533961
2025-04-24 08:11:51 - val epoch: 272, loss: 0.1553
-> 整体准确率: 0.9935, 平均IoU: 0.8264, 平均Dice: 0.8918
-> 各类别指标:
类别cls0: Acc=0.9971, Dice=0.9984, IoU=0.9969
类别cls1: Acc=0.9963, Dice=0.9606, IoU=0.9241
类别cls2: Acc=0.9937, Dice=0.7164, IoU=0.5581
混淆矩阵:
[[35505712     4502    82648]
 [    1726  1697774    88271]
 [   22361    44897   300845]]
2025-04-24 08:11:56 - train: epoch 273, iter:0, loss: 3.1255, lr: 0.00041224624928006703
2025-04-24 08:13:34 - train: epoch 273, iter:20, loss: 3.1447, lr: 0.00041224624928006703
2025-04-24 08:15:14 - train: epoch 273, iter:40, loss: 3.1390, lr: 0.00041224624928006703
2025-04-24 08:16:54 - train: epoch 273, iter:60, loss: 3.1410, lr: 0.00041224624928006703
2025-04-24 08:18:32 - train: epoch 273, iter:80, loss: 3.1439, lr: 0.00041224624928006703
2025-04-24 08:19:36 - val epoch: 273, loss: 0.1532
-> 整体准确率: 0.9936, 平均IoU: 0.8285, 平均Dice: 0.8932
-> 各类别指标:
类别cls0: Acc=0.9971, Dice=0.9984, IoU=0.9969
类别cls1: Acc=0.9964, Dice=0.9619, IoU=0.9267
类别cls2: Acc=0.9938, Dice=0.7194, IoU=0.5618
混淆矩阵:
[[35501657     4601    86604]
 [    1318  1706508    79945]
 [   18537    49209   300357]]
2025-04-24 08:19:42 - train: epoch 274, iter:0, loss: 3.1100, lr: 0.00044296004938566987
2025-04-24 08:21:22 - train: epoch 274, iter:20, loss: 3.1307, lr: 0.00044296004938566987
2025-04-24 08:23:00 - train: epoch 274, iter:40, loss: 3.1358, lr: 0.00044296004938566987
2025-04-24 08:24:41 - train: epoch 274, iter:60, loss: 3.1370, lr: 0.00044296004938566987
2025-04-24 08:26:20 - train: epoch 274, iter:80, loss: 3.1380, lr: 0.00044296004938566987
2025-04-24 08:27:24 - val epoch: 274, loss: 0.1512
-> 整体准确率: 0.9937, 平均IoU: 0.8300, 平均Dice: 0.8943
-> 各类别指标:
类别cls0: Acc=0.997, Dice=0.9984, IoU=0.9968
类别cls1: Acc=0.9965, Dice=0.9632, IoU=0.9291
类别cls2: Acc=0.9939, Dice=0.7214, IoU=0.5642
混淆矩阵:
[[35497122     5116    90624]
 [    1221  1715359    71191]
 [   15753    53381   298969]]
2025-04-24 08:27:29 - train: epoch 275, iter:0, loss: 3.1442, lr: 0.0004739186928329902
2025-04-24 08:29:07 - train: epoch 275, iter:20, loss: 3.1418, lr: 0.0004739186928329902
2025-04-24 08:30:46 - train: epoch 275, iter:40, loss: 3.1431, lr: 0.0004739186928329902
2025-04-24 08:32:25 - train: epoch 275, iter:60, loss: 3.1433, lr: 0.0004739186928329902
2025-04-24 08:34:06 - train: epoch 275, iter:80, loss: 3.1436, lr: 0.0004739186928329902
2025-04-24 08:35:10 - val epoch: 275, loss: 0.1524
-> 整体准确率: 0.9936, 平均IoU: 0.8288, 平均Dice: 0.8936
-> 各类别指标:
类别cls0: Acc=0.9971, Dice=0.9984, IoU=0.9969
类别cls1: Acc=0.9964, Dice=0.9618, IoU=0.9264
类别cls2: Acc=0.9938, Dice=0.7206, IoU=0.5632
混淆矩阵:
[[35502777     4712    85373]
 [    1210  1704608    81953]
 [   19052    47509   301542]]
2025-04-24 08:35:15 - train: epoch 276, iter:0, loss: 3.1558, lr: 0.000505
2025-04-24 08:36:52 - train: epoch 276, iter:20, loss: 3.1431, lr: 0.000505
2025-04-24 08:38:32 - train: epoch 276, iter:40, loss: 3.1379, lr: 0.000505
2025-04-24 08:40:11 - train: epoch 276, iter:60, loss: 3.1381, lr: 0.000505
2025-04-24 08:41:52 - train: epoch 276, iter:80, loss: 3.1402, lr: 0.000505
2025-04-24 08:42:55 - val epoch: 276, loss: 0.1531
-> 整体准确率: 0.9935, 平均IoU: 0.8273, 平均Dice: 0.8924
-> 各类别指标:
类别cls0: Acc=0.9969, Dice=0.9984, IoU=0.9967
类别cls1: Acc=0.9964, Dice=0.9619, IoU=0.9266
类别cls2: Acc=0.9936, Dice=0.7169, IoU=0.5587
混淆矩阵:
[[35493833     4677    94352]
 [    1030  1705187    81554]
 [   16300    47871   303932]]
2025-04-24 08:43:01 - train: epoch 277, iter:0, loss: 3.1131, lr: 0.0005360813071670099
2025-04-24 08:44:39 - train: epoch 277, iter:20, loss: 3.1358, lr: 0.0005360813071670099
2025-04-24 08:46:20 - train: epoch 277, iter:40, loss: 3.1366, lr: 0.0005360813071670099
2025-04-24 08:48:02 - train: epoch 277, iter:60, loss: 3.1371, lr: 0.0005360813071670099
2025-04-24 08:49:46 - train: epoch 277, iter:80, loss: 3.1416, lr: 0.0005360813071670099
2025-04-24 08:50:52 - val epoch: 277, loss: 0.1548
-> 整体准确率: 0.9934, 平均IoU: 0.8261, 平均Dice: 0.8912
-> 各类别指标:
类别cls0: Acc=0.9968, Dice=0.9983, IoU=0.9966
类别cls1: Acc=0.9965, Dice=0.9628, IoU=0.9282
类别cls2: Acc=0.9936, Dice=0.7126, IoU=0.5535
混淆矩阵:
[[35486201     4895   101766]
 [    1125  1714369    72277]
 [   13704    54323   300076]]
2025-04-24 08:50:57 - train: epoch 278, iter:0, loss: 3.1332, lr: 0.0005670399506143303
2025-04-24 08:52:43 - train: epoch 278, iter:20, loss: 3.1310, lr: 0.0005670399506143303
2025-04-24 08:54:26 - train: epoch 278, iter:40, loss: 3.1350, lr: 0.0005670399506143303
2025-04-24 08:56:13 - train: epoch 278, iter:60, loss: 3.1411, lr: 0.0005670399506143303
2025-04-24 08:57:57 - train: epoch 278, iter:80, loss: 3.1429, lr: 0.0005670399506143303
2025-04-24 08:59:04 - val epoch: 278, loss: 0.1555
-> 整体准确率: 0.9931, 平均IoU: 0.8243, 平均Dice: 0.8899
-> 各类别指标:
类别cls0: Acc=0.9966, Dice=0.9982, IoU=0.9964
类别cls1: Acc=0.9964, Dice=0.9619, IoU=0.9266
类别cls2: Acc=0.9933, Dice=0.7095, IoU=0.5498
混淆矩阵:
[[35474704     4825   113333]
 [     979  1706595    80197]
 [   10223    49100   308780]]
2025-04-24 08:59:10 - train: epoch 279, iter:0, loss: 3.1048, lr: 0.0005977537507199331
2025-04-24 09:00:50 - train: epoch 279, iter:20, loss: 3.1209, lr: 0.0005977537507199331
2025-04-24 09:02:32 - train: epoch 279, iter:40, loss: 3.1329, lr: 0.0005977537507199331
2025-04-24 09:04:14 - train: epoch 279, iter:60, loss: 3.1377, lr: 0.0005977537507199331
2025-04-24 09:05:57 - train: epoch 279, iter:80, loss: 3.1383, lr: 0.0005977537507199331
2025-04-24 09:07:04 - val epoch: 279, loss: 0.1591
-> 整体准确率: 0.9933, 平均IoU: 0.8223, 平均Dice: 0.8882
-> 各类别指标:
类别cls0: Acc=0.9967, Dice=0.9982, IoU=0.9965
类别cls1: Acc=0.9964, Dice=0.9622, IoU=0.9271
类别cls2: Acc=0.9935, Dice=0.7041, IoU=0.5433
混淆矩阵:
[[35482169     6297   104396]
 [     629  1720323    66819]
 [   13536    61549   293018]]
2025-04-24 09:07:10 - train: epoch 280, iter:0, loss: 3.1436, lr: 0.0006281014941466024
2025-04-24 09:08:53 - train: epoch 280, iter:20, loss: 3.1475, lr: 0.0006281014941466024
2025-04-24 09:10:37 - train: epoch 280, iter:40, loss: 3.1501, lr: 0.0006281014941466024
2025-04-24 09:12:19 - train: epoch 280, iter:60, loss: 3.1429, lr: 0.0006281014941466024
2025-04-24 09:14:01 - train: epoch 280, iter:80, loss: 3.1405, lr: 0.0006281014941466024
2025-04-24 09:15:07 - val epoch: 280, loss: 0.1507
-> 整体准确率: 0.9937, 平均IoU: 0.8297, 平均Dice: 0.8944
-> 各类别指标:
类别cls0: Acc=0.9972, Dice=0.9985, IoU=0.997
类别cls1: Acc=0.9964, Dice=0.9612, IoU=0.9253
类别cls2: Acc=0.9938, Dice=0.7236, IoU=0.5669
混淆矩阵:
[[35508162     3971    80729]
 [    1546  1696684    89541]
 [   21097    41819   305187]]
2025-04-24 09:15:13 - train: epoch 281, iter:0, loss: 3.1731, lr: 0.000657963412215598
2025-04-24 09:16:57 - train: epoch 281, iter:20, loss: 3.1417, lr: 0.000657963412215598
2025-04-24 09:18:40 - train: epoch 281, iter:40, loss: 3.1428, lr: 0.000657963412215598
2025-04-24 09:20:23 - train: epoch 281, iter:60, loss: 3.1454, lr: 0.000657963412215598
2025-04-24 09:22:05 - train: epoch 281, iter:80, loss: 3.1425, lr: 0.000657963412215598
2025-04-24 09:23:11 - val epoch: 281, loss: 0.1572
-> 整体准确率: 0.9934, 平均IoU: 0.8240, 平均Dice: 0.8896
-> 各类别指标:
类别cls0: Acc=0.9968, Dice=0.9983, IoU=0.9966
类别cls1: Acc=0.9965, Dice=0.9625, IoU=0.9276
类别cls2: Acc=0.9935, Dice=0.7079, IoU=0.5478
混淆矩阵:
[[35486542     5083   101237]
 [    1208  1717268    69295]
 [   14668    58360   295075]]
2025-04-24 09:23:17 - train: epoch 282, iter:0, loss: 3.1276, lr: 0.0006872216535789145
2025-04-24 09:24:59 - train: epoch 282, iter:20, loss: 3.1457, lr: 0.0006872216535789145
2025-04-24 09:26:45 - train: epoch 282, iter:40, loss: 3.1473, lr: 0.0006872216535789145
2025-04-24 09:28:32 - train: epoch 282, iter:60, loss: 3.1419, lr: 0.0006872216535789145
2025-04-24 09:30:14 - train: epoch 282, iter:80, loss: 3.1409, lr: 0.0006872216535789145
2025-04-24 09:31:20 - val epoch: 282, loss: 0.1631
-> 整体准确率: 0.9927, 平均IoU: 0.8161, 平均Dice: 0.8839
-> 各类别指标:
类别cls0: Acc=0.9966, Dice=0.9982, IoU=0.9963
类别cls1: Acc=0.996, Dice=0.9574, IoU=0.9184
类别cls2: Acc=0.9929, Dice=0.696, IoU=0.5337
混淆矩阵:
[[35476844     4276   111742]
 [    1126  1688726    97919]
 [   12964    46782   308357]]
2025-04-24 09:31:26 - train: epoch 283, iter:0, loss: 3.1483, lr: 0.0007157607493247098
2025-04-24 09:33:08 - train: epoch 283, iter:20, loss: 3.1367, lr: 0.0007157607493247098
2025-04-24 09:34:46 - train: epoch 283, iter:40, loss: 3.1409, lr: 0.0007157607493247098
2025-04-24 09:36:25 - train: epoch 283, iter:60, loss: 3.1425, lr: 0.0007157607493247098
2025-04-24 09:38:03 - train: epoch 283, iter:80, loss: 3.1407, lr: 0.0007157607493247098
2025-04-24 09:39:08 - val epoch: 283, loss: 0.1637
-> 整体准确率: 0.9930, 平均IoU: 0.8168, 平均Dice: 0.8844
-> 各类别指标:
类别cls0: Acc=0.9967, Dice=0.9983, IoU=0.9965
类别cls1: Acc=0.996, Dice=0.9579, IoU=0.9191
类别cls2: Acc=0.9931, Dice=0.697, IoU=0.5349
混淆矩阵:
[[35488387     5085    99390]
 [    1375  1696494    89902]
 [   17032    52932   298139]]
2025-04-24 09:39:13 - train: epoch 284, iter:0, loss: 3.1194, lr: 0.0007434680686803492
2025-04-24 09:40:53 - train: epoch 284, iter:20, loss: 3.1342, lr: 0.0007434680686803492
2025-04-24 09:42:32 - train: epoch 284, iter:40, loss: 3.1368, lr: 0.0007434680686803492
2025-04-24 09:44:11 - train: epoch 284, iter:60, loss: 3.1431, lr: 0.0007434680686803492
2025-04-24 09:45:51 - train: epoch 284, iter:80, loss: 3.1420, lr: 0.0007434680686803492
2025-04-24 09:46:56 - val epoch: 284, loss: 0.1543
-> 整体准确率: 0.9934, 平均IoU: 0.8260, 平均Dice: 0.8915
-> 各类别指标:
类别cls0: Acc=0.997, Dice=0.9984, IoU=0.9968
类别cls1: Acc=0.9963, Dice=0.9604, IoU=0.9238
类别cls2: Acc=0.9936, Dice=0.7158, IoU=0.5574
混淆矩阵:
[[35501134     3871    87857]
 [    1317  1694557    91897]
 [   20096    42648   305359]]
2025-04-24 09:47:01 - train: epoch 285, iter:0, loss: 3.1125, lr: 0.0007702342635146034
2025-04-24 09:48:42 - train: epoch 285, iter:20, loss: 3.1383, lr: 0.0007702342635146034
2025-04-24 09:50:22 - train: epoch 285, iter:40, loss: 3.1409, lr: 0.0007702342635146034
2025-04-24 09:52:00 - train: epoch 285, iter:60, loss: 3.1441, lr: 0.0007702342635146034
2025-04-24 09:53:40 - train: epoch 285, iter:80, loss: 3.1403, lr: 0.0007702342635146034
2025-04-24 09:54:44 - val epoch: 285, loss: 0.1531
-> 整体准确率: 0.9934, 平均IoU: 0.8273, 平均Dice: 0.8923
-> 各类别指标:
类别cls0: Acc=0.9968, Dice=0.9983, IoU=0.9966
类别cls1: Acc=0.9965, Dice=0.9624, IoU=0.9276
类别cls2: Acc=0.9936, Dice=0.7161, IoU=0.5577
混淆矩阵:
[[35487387     4403   101072]
 [    1450  1708507    77814]
 [   13393    49651   305059]]
2025-04-24 09:54:49 - train: epoch 286, iter:0, loss: 3.1197, lr: 0.0007959536998847742
2025-04-24 09:56:31 - train: epoch 286, iter:20, loss: 3.1457, lr: 0.0007959536998847742
2025-04-24 09:58:11 - train: epoch 286, iter:40, loss: 3.1465, lr: 0.0007959536998847742
2025-04-24 09:59:50 - train: epoch 286, iter:60, loss: 3.1458, lr: 0.0007959536998847742
2025-04-24 10:01:29 - train: epoch 286, iter:80, loss: 3.1428, lr: 0.0007959536998847742
2025-04-24 10:02:34 - val epoch: 286, loss: 0.1593
-> 整体准确率: 0.9932, 平均IoU: 0.8218, 平均Dice: 0.8878
-> 各类别指标:
类别cls0: Acc=0.9966, Dice=0.9982, IoU=0.9964
类别cls1: Acc=0.9964, Dice=0.9619, IoU=0.9266
类别cls2: Acc=0.9934, Dice=0.7033, IoU=0.5424
混淆矩阵:
[[35480070     5467   107325]
 [    1048  1716756    69967]
 [   12780    59501   295822]]
2025-04-24 10:02:40 - train: epoch 287, iter:0, loss: 3.1135, lr: 0.0008205248749256013
2025-04-24 10:04:20 - train: epoch 287, iter:20, loss: 3.1384, lr: 0.0008205248749256013
2025-04-24 10:06:01 - train: epoch 287, iter:40, loss: 3.1412, lr: 0.0008205248749256013
2025-04-24 10:07:41 - train: epoch 287, iter:60, loss: 3.1402, lr: 0.0008205248749256013
2025-04-24 10:09:22 - train: epoch 287, iter:80, loss: 3.1452, lr: 0.0008205248749256013
2025-04-24 10:10:26 - val epoch: 287, loss: 0.1514
-> 整体准确率: 0.9936, 平均IoU: 0.8288, 平均Dice: 0.8939
-> 各类别指标:
类别cls0: Acc=0.9972, Dice=0.9985, IoU=0.997
类别cls1: Acc=0.9963, Dice=0.96, IoU=0.9231
类别cls2: Acc=0.9937, Dice=0.7231, IoU=0.5663
混淆矩阵:
[[35508060     3962    80840]
 [    1579  1689789    96403]
 [   20473    38787   308843]]
2025-04-24 10:10:31 - train: epoch 288, iter:0, loss: 3.1437, lr: 0.0008438508174347006
2025-04-24 10:12:10 - train: epoch 288, iter:20, loss: 3.1500, lr: 0.0008438508174347006
2025-04-24 10:13:47 - train: epoch 288, iter:40, loss: 3.1437, lr: 0.0008438508174347006
2025-04-24 10:15:26 - train: epoch 288, iter:60, loss: 3.1428, lr: 0.0008438508174347006
2025-04-24 10:17:08 - train: epoch 288, iter:80, loss: 3.1410, lr: 0.0008438508174347006
2025-04-24 10:18:13 - val epoch: 288, loss: 0.1609
-> 整体准确率: 0.9933, 平均IoU: 0.8210, 平均Dice: 0.8876
-> 各类别指标:
类别cls0: Acc=0.997, Dice=0.9984, IoU=0.9968
类别cls1: Acc=0.9962, Dice=0.9592, IoU=0.9216
类别cls2: Acc=0.9935, Dice=0.7052, IoU=0.5447
混淆矩阵:
[[35504584     4371    83907]
 [    1705  1697042    89024]
 [   24056    49362   294685]]
2025-04-24 10:18:18 - train: epoch 289, iter:0, loss: 3.1291, lr: 0.0008658394705735983
2025-04-24 10:20:00 - train: epoch 289, iter:20, loss: 3.1437, lr: 0.0008658394705735983
2025-04-24 10:21:42 - train: epoch 289, iter:40, loss: 3.1500, lr: 0.0008658394705735983
2025-04-24 10:23:22 - train: epoch 289, iter:60, loss: 3.1467, lr: 0.0008658394705735983
2025-04-24 10:25:02 - train: epoch 289, iter:80, loss: 3.1470, lr: 0.0008658394705735983
2025-04-24 10:26:05 - val epoch: 289, loss: 0.1642
-> 整体准确率: 0.9931, 平均IoU: 0.8175, 平均Dice: 0.8849
-> 各类别指标:
类别cls0: Acc=0.9969, Dice=0.9984, IoU=0.9967
类别cls1: Acc=0.996, Dice=0.9579, IoU=0.9191
类别cls2: Acc=0.9933, Dice=0.6985, IoU=0.5367
混淆矩阵:
[[35501757     4910    86195]
 [    1602  1694781    91388]
 [   23997    51236   292870]]
2025-04-24 10:26:11 - train: epoch 290, iter:0, loss: 3.1072, lr: 0.0008864040551740151
2025-04-24 10:27:52 - train: epoch 290, iter:20, loss: 3.1408, lr: 0.0008864040551740151
2025-04-24 10:29:34 - train: epoch 290, iter:40, loss: 3.1419, lr: 0.0008864040551740151
2025-04-24 10:31:18 - train: epoch 290, iter:60, loss: 3.1434, lr: 0.0008864040551740151
2025-04-24 10:32:57 - train: epoch 290, iter:80, loss: 3.1445, lr: 0.0008864040551740151
2025-04-24 10:34:01 - val epoch: 290, loss: 0.1584
-> 整体准确率: 0.9933, 平均IoU: 0.8232, 平均Dice: 0.8900
-> 各类别指标:
类别cls0: Acc=0.9972, Dice=0.9985, IoU=0.997
类别cls1: Acc=0.996, Dice=0.9562, IoU=0.9161
类别cls2: Acc=0.9934, Dice=0.7152, IoU=0.5566
混淆矩阵:
[[35516101     3179    73582]
 [    2823  1668917   116031]
 [   26864    30810   310429]]
2025-04-24 10:34:07 - train: epoch 291, iter:0, loss: 3.1436, lr: 0.0009054634122155984
2025-04-24 10:35:49 - train: epoch 291, iter:20, loss: 3.1582, lr: 0.0009054634122155984
2025-04-24 10:37:29 - train: epoch 291, iter:40, loss: 3.1517, lr: 0.0009054634122155984
2025-04-24 10:39:10 - train: epoch 291, iter:60, loss: 3.1539, lr: 0.0009054634122155984
2025-04-24 10:40:51 - train: epoch 291, iter:80, loss: 3.1528, lr: 0.0009054634122155984
2025-04-24 10:41:56 - val epoch: 291, loss: 0.1656
-> 整体准确率: 0.9932, 平均IoU: 0.8184, 平均Dice: 0.8849
-> 各类别指标:
类别cls0: Acc=0.9965, Dice=0.9982, IoU=0.9963
类别cls1: Acc=0.9964, Dice=0.9621, IoU=0.927
类别cls2: Acc=0.9934, Dice=0.6945, IoU=0.532
混淆矩阵:
[[35476472     7550   108840]
 [    1029  1730270    56472]
 [   13051    71294   283758]]
2025-04-24 10:42:01 - train: epoch 292, iter:0, loss: 3.1475, lr: 0.0009229423231234968
2025-04-24 10:43:41 - train: epoch 292, iter:20, loss: 3.1413, lr: 0.0009229423231234968
2025-04-24 10:45:21 - train: epoch 292, iter:40, loss: 3.1382, lr: 0.0009229423231234968
2025-04-24 10:47:03 - train: epoch 292, iter:60, loss: 3.1408, lr: 0.0009229423231234968
2025-04-24 10:48:43 - train: epoch 292, iter:80, loss: 3.1449, lr: 0.0009229423231234968
2025-04-24 10:49:48 - val epoch: 292, loss: 0.1564
-> 整体准确率: 0.9931, 平均IoU: 0.8237, 平均Dice: 0.8898
-> 各类别指标:
类别cls0: Acc=0.9968, Dice=0.9983, IoU=0.9966
类别cls1: Acc=0.9962, Dice=0.9594, IoU=0.9219
类别cls2: Acc=0.9933, Dice=0.7118, IoU=0.5525
混淆矩阵:
[[35488506     3752   100604]
 [    1835  1688475    97461]
 [   15392    39900   312811]]
2025-04-24 10:49:53 - train: epoch 293, iter:0, loss: 3.1082, lr: 0.0009387718066217118
2025-04-24 10:51:33 - train: epoch 293, iter:20, loss: 3.1420, lr: 0.0009387718066217118
2025-04-24 10:53:12 - train: epoch 293, iter:40, loss: 3.1421, lr: 0.0009387718066217118
2025-04-24 10:54:49 - train: epoch 293, iter:60, loss: 3.1424, lr: 0.0009387718066217118
2025-04-24 10:56:28 - train: epoch 293, iter:80, loss: 3.1444, lr: 0.0009387718066217118
2025-04-24 10:57:33 - val epoch: 293, loss: 0.1506
-> 整体准确率: 0.9936, 平均IoU: 0.8303, 平均Dice: 0.8949
-> 各类别指标:
类别cls0: Acc=0.9971, Dice=0.9985, IoU=0.9969
类别cls1: Acc=0.9964, Dice=0.9613, IoU=0.9255
类别cls2: Acc=0.9938, Dice=0.7248, IoU=0.5684
混淆矩阵:
[[35504765     4084    84013]
 [    2130  1696444    89197]
 [   19312    41113   307678]]
2025-04-24 10:57:39 - train: epoch 294, iter:0, loss: 3.1776, lr: 0.000952889390970679
2025-04-24 10:59:18 - train: epoch 294, iter:20, loss: 3.1454, lr: 0.000952889390970679
2025-04-24 11:00:57 - train: epoch 294, iter:40, loss: 3.1439, lr: 0.000952889390970679
2025-04-24 11:02:37 - train: epoch 294, iter:60, loss: 3.1413, lr: 0.000952889390970679
2025-04-24 11:04:17 - train: epoch 294, iter:80, loss: 3.1445, lr: 0.000952889390970679
2025-04-24 11:05:22 - val epoch: 294, loss: 0.1596
-> 整体准确率: 0.9932, 平均IoU: 0.8217, 平均Dice: 0.8880
-> 各类别指标:
类别cls0: Acc=0.9968, Dice=0.9983, IoU=0.9966
类别cls1: Acc=0.9963, Dice=0.9607, IoU=0.9243
类别cls2: Acc=0.9934, Dice=0.7049, IoU=0.5443
混淆矩阵:
[[35489289     4930    98643]
 [    1803  1706974    78994]
 [   16987    54064   297052]]
2025-04-24 11:05:28 - train: epoch 295, iter:0, loss: 3.1680, lr: 0.0009652393605146844
2025-04-24 11:07:06 - train: epoch 295, iter:20, loss: 3.1487, lr: 0.0009652393605146844
2025-04-24 11:08:46 - train: epoch 295, iter:40, loss: 3.1427, lr: 0.0009652393605146844
2025-04-24 11:10:24 - train: epoch 295, iter:60, loss: 3.1450, lr: 0.0009652393605146844
2025-04-24 11:12:05 - train: epoch 295, iter:80, loss: 3.1442, lr: 0.0009652393605146844
2025-04-24 11:13:09 - val epoch: 295, loss: 0.1569
-> 整体准确率: 0.9931, 平均IoU: 0.8223, 平均Dice: 0.8888
-> 各类别指标:
类别cls0: Acc=0.9968, Dice=0.9983, IoU=0.9966
类别cls1: Acc=0.9961, Dice=0.9587, IoU=0.9206
类别cls2: Acc=0.9932, Dice=0.7094, IoU=0.5497
混淆矩阵:
[[35487802     4399   100661]
 [    1482  1688959    97330]
 [   14518    42399   311186]]
2025-04-24 11:13:14 - train: epoch 296, iter:0, loss: 3.1261, lr: 0.000975772975566101
2025-04-24 11:14:53 - train: epoch 296, iter:20, loss: 3.1486, lr: 0.000975772975566101
2025-04-24 11:16:34 - train: epoch 296, iter:40, loss: 3.1427, lr: 0.000975772975566101
2025-04-24 11:18:14 - train: epoch 296, iter:60, loss: 3.1392, lr: 0.000975772975566101
2025-04-24 11:19:55 - train: epoch 296, iter:80, loss: 3.1434, lr: 0.000975772975566101
2025-04-24 11:20:58 - val epoch: 296, loss: 0.1591
-> 整体准确率: 0.9930, 平均IoU: 0.8206, 平均Dice: 0.8872
-> 各类别指标:
类别cls0: Acc=0.9966, Dice=0.9982, IoU=0.9964
类别cls1: Acc=0.9962, Dice=0.9598, IoU=0.9227
类别cls2: Acc=0.9932, Dice=0.7036, IoU=0.5428
混淆矩阵:
[[35479527     4568   108767]
 [    1065  1698281    88425]
 [   13073    48206   306824]]
2025-04-24 11:21:04 - train: epoch 297, iter:0, loss: 3.0827, lr: 0.0009844486647586721
2025-04-24 11:22:45 - train: epoch 297, iter:20, loss: 3.1402, lr: 0.0009844486647586721
2025-04-24 11:24:26 - train: epoch 297, iter:40, loss: 3.1444, lr: 0.0009844486647586721
2025-04-24 11:26:05 - train: epoch 297, iter:60, loss: 3.1443, lr: 0.0009844486647586721
2025-04-24 11:27:42 - train: epoch 297, iter:80, loss: 3.1453, lr: 0.0009844486647586721
2025-04-24 11:28:47 - val epoch: 297, loss: 0.1898
-> 整体准确率: 0.9923, 平均IoU: 0.7985, 平均Dice: 0.8695
-> 各类别指标:
类别cls0: Acc=0.9966, Dice=0.9982, IoU=0.9964
类别cls1: Acc=0.9955, Dice=0.9519, IoU=0.9082
类别cls2: Acc=0.9924, Dice=0.6584, IoU=0.4908
混淆矩阵:
[[35505189     4359    83314]
 [    2393  1676721   108657]
 [   39083    54131   274889]]
2025-04-24 11:28:53 - train: epoch 298, iter:0, loss: 3.1346, lr: 0.0009912321891107007
2025-04-24 11:30:34 - train: epoch 298, iter:20, loss: 3.1354, lr: 0.0009912321891107007
2025-04-24 11:32:13 - train: epoch 298, iter:40, loss: 3.1408, lr: 0.0009912321891107007
2025-04-24 11:33:53 - train: epoch 298, iter:60, loss: 3.1404, lr: 0.0009912321891107007
2025-04-24 11:35:33 - train: epoch 298, iter:80, loss: 3.1457, lr: 0.0009912321891107007
2025-04-24 11:36:40 - val epoch: 298, loss: 0.1674
-> 整体准确率: 0.9931, 平均IoU: 0.8165, 平均Dice: 0.8835
-> 各类别指标:
类别cls0: Acc=0.9966, Dice=0.9982, IoU=0.9964
类别cls1: Acc=0.9963, Dice=0.9608, IoU=0.9246
类别cls2: Acc=0.9934, Dice=0.6915, IoU=0.5285
混淆矩阵:
[[35484104     7628   101130]
 [    1099  1724742    61930]
 [   17310    70075   280718]]
2025-04-24 11:36:45 - train: epoch 299, iter:0, loss: 3.1116, lr: 0.0009960967771506662
2025-04-24 11:38:28 - train: epoch 299, iter:20, loss: 3.1483, lr: 0.0009960967771506662
2025-04-24 11:40:11 - train: epoch 299, iter:40, loss: 3.1520, lr: 0.0009960967771506662
2025-04-24 11:41:52 - train: epoch 299, iter:60, loss: 3.1490, lr: 0.0009960967771506662
2025-04-24 11:43:34 - train: epoch 299, iter:80, loss: 3.1481, lr: 0.0009960967771506662
2025-04-24 11:44:39 - val epoch: 299, loss: 0.1578
-> 整体准确率: 0.9934, 平均IoU: 0.8239, 平均Dice: 0.8901
-> 各类别指标:
类别cls0: Acc=0.9971, Dice=0.9985, IoU=0.9969
类别cls1: Acc=0.9961, Dice=0.9585, IoU=0.9204
类别cls2: Acc=0.9936, Dice=0.7134, IoU=0.5544
混淆矩阵:
[[35516006     3600    73256]
 [    3003  1684333   100435]
 [   29009    38709   300385]]
2025-04-24 11:44:45 - train: epoch 300, iter:0, loss: 3.1311, lr: 0.000999023230571994
2025-04-24 11:46:27 - train: epoch 300, iter:20, loss: 3.1333, lr: 0.000999023230571994
2025-04-24 11:48:09 - train: epoch 300, iter:40, loss: 3.1422, lr: 0.000999023230571994
2025-04-24 11:49:52 - train: epoch 300, iter:60, loss: 3.1435, lr: 0.000999023230571994
2025-04-24 11:51:35 - train: epoch 300, iter:80, loss: 3.1425, lr: 0.000999023230571994
2025-04-24 11:52:43 - val epoch: 300, loss: 0.1542
-> 整体准确率: 0.9936, 平均IoU: 0.8273, 平均Dice: 0.8924
-> 各类别指标:
类别cls0: Acc=0.9971, Dice=0.9984, IoU=0.9969
类别cls1: Acc=0.9964, Dice=0.9616, IoU=0.926
类别cls2: Acc=0.9938, Dice=0.7172, IoU=0.559
混淆矩阵:
[[35504555     5301    83006]
 [    1571  1708554    77646]
 [   20401    52103   295599]]
